<?xml version="1.0" encoding="UTF-8"?>
<robot generator="Robot 6.1.1 (Python 3.11.0 on win32)" generated="20231121 00:25:17.903" rpa="false" schemaversion="4">
<suite id="s1" name="Tests" source="E:\koulu\ohtu\palautusrepositorio\viikko3\web-login\src\tests">
<suite id="s1-s1" name="Home" source="E:\koulu\ohtu\palautusrepositorio\viikko3\web-login\src\tests\home.robot">
<kw name="Open And Configure Browser" library="resource" type="SETUP">
<kw name="Evaluate" library="BuiltIn">
<var>${options}</var>
<arg>sys.modules['selenium.webdriver'].ChromeOptions()</arg>
<arg>sys</arg>
<doc>Evaluates the given expression in Python and returns the result.</doc>
<msg timestamp="20231121 00:25:20.402" level="INFO">${options} = &lt;selenium.webdriver.chrome.options.Options object at 0x0000024A130C8CD0&gt;</msg>
<status status="PASS" starttime="20231121 00:25:20.402" endtime="20231121 00:25:20.402"/>
</kw>
<kw name="Call Method" library="BuiltIn">
<arg>${options}</arg>
<arg>add_argument</arg>
<arg>--no-sandbox</arg>
<doc>Calls the named method of the given object with the provided arguments.</doc>
<status status="PASS" starttime="20231121 00:25:20.402" endtime="20231121 00:25:20.402"/>
</kw>
<kw name="Open Browser" library="SeleniumLibrary">
<arg>browser=chrome</arg>
<arg>options=${options}</arg>
<doc>Opens a new browser instance to the optional ``url``.</doc>
<msg timestamp="20231121 00:25:20.403" level="INFO">Opening browser 'chrome' to base url 'None'.</msg>
<status status="PASS" starttime="20231121 00:25:20.402" endtime="20231121 00:25:21.864"/>
</kw>
<kw name="Set Selenium Speed" library="SeleniumLibrary">
<arg>${DELAY}</arg>
<doc>Sets the delay that is waited after each Selenium command.</doc>
<status status="PASS" starttime="20231121 00:25:21.864" endtime="20231121 00:25:21.865"/>
</kw>
<status status="PASS" starttime="20231121 00:25:20.402" endtime="20231121 00:25:21.865"/>
</kw>
<test id="s1-s1-t1" name="Click Login Link" line="8">
<kw name="Go To Starting Page" library="resource" type="SETUP">
<kw name="Go To" library="SeleniumLibrary">
<arg>${HOME_URL}</arg>
<doc>Navigates the current browser window to the provided ``url``.</doc>
<msg timestamp="20231121 00:25:21.866" level="INFO">Opening url 'http://localhost:5001'</msg>
<status status="PASS" starttime="20231121 00:25:21.866" endtime="20231121 00:25:22.709"/>
</kw>
<status status="PASS" starttime="20231121 00:25:21.865" endtime="20231121 00:25:22.709"/>
</kw>
<kw name="Click Link" library="SeleniumLibrary">
<arg>Login</arg>
<doc>Clicks a link identified by ``locator``.</doc>
<msg timestamp="20231121 00:25:22.710" level="INFO">Clicking link 'Login'.</msg>
<status status="PASS" starttime="20231121 00:25:22.709" endtime="20231121 00:25:24.294"/>
</kw>
<kw name="Login Page Should Be Open" library="resource">
<kw name="Title Should Be" library="SeleniumLibrary">
<arg>Login</arg>
<doc>Verifies that the current page title equals ``title``.</doc>
<msg timestamp="20231121 00:25:24.799" level="INFO">Page title is 'Login'.</msg>
<status status="PASS" starttime="20231121 00:25:24.294" endtime="20231121 00:25:24.799"/>
</kw>
<status status="PASS" starttime="20231121 00:25:24.294" endtime="20231121 00:25:24.799"/>
</kw>
<status status="PASS" starttime="20231121 00:25:21.865" endtime="20231121 00:25:24.799"/>
</test>
<test id="s1-s1-t2" name="Click Register Link" line="12">
<kw name="Go To Starting Page" library="resource" type="SETUP">
<kw name="Go To" library="SeleniumLibrary">
<arg>${HOME_URL}</arg>
<doc>Navigates the current browser window to the provided ``url``.</doc>
<msg timestamp="20231121 00:25:24.801" level="INFO">Opening url 'http://localhost:5001'</msg>
<status status="PASS" starttime="20231121 00:25:24.801" endtime="20231121 00:25:25.319"/>
</kw>
<status status="PASS" starttime="20231121 00:25:24.801" endtime="20231121 00:25:25.319"/>
</kw>
<kw name="Click Link" library="SeleniumLibrary">
<arg>Register new user</arg>
<doc>Clicks a link identified by ``locator``.</doc>
<msg timestamp="20231121 00:25:25.320" level="INFO">Clicking link 'Register new user'.</msg>
<status status="PASS" starttime="20231121 00:25:25.319" endtime="20231121 00:25:26.888"/>
</kw>
<kw name="Register Page Should Be Open" library="resource">
<kw name="Title Should Be" library="SeleniumLibrary">
<arg>Register</arg>
<doc>Verifies that the current page title equals ``title``.</doc>
<msg timestamp="20231121 00:25:27.393" level="INFO">Page title is 'Register'.</msg>
<status status="PASS" starttime="20231121 00:25:26.888" endtime="20231121 00:25:27.393"/>
</kw>
<status status="PASS" starttime="20231121 00:25:26.888" endtime="20231121 00:25:27.393"/>
</kw>
<status status="PASS" starttime="20231121 00:25:24.800" endtime="20231121 00:25:27.393"/>
</test>
<kw name="Close Browser" library="SeleniumLibrary" type="TEARDOWN">
<doc>Closes the current browser.</doc>
<status status="PASS" starttime="20231121 00:25:27.395" endtime="20231121 00:25:31.059"/>
</kw>
<status status="PASS" starttime="20231121 00:25:17.935" endtime="20231121 00:25:31.059"/>
</suite>
<suite id="s1-s2" name="Login" source="E:\koulu\ohtu\palautusrepositorio\viikko3\web-login\src\tests\login.robot">
<kw name="Open And Configure Browser" library="resource" type="SETUP">
<kw name="Evaluate" library="BuiltIn">
<var>${options}</var>
<arg>sys.modules['selenium.webdriver'].ChromeOptions()</arg>
<arg>sys</arg>
<doc>Evaluates the given expression in Python and returns the result.</doc>
<msg timestamp="20231121 00:25:31.067" level="INFO">${options} = &lt;selenium.webdriver.chrome.options.Options object at 0x0000024A130ABF50&gt;</msg>
<status status="PASS" starttime="20231121 00:25:31.067" endtime="20231121 00:25:31.067"/>
</kw>
<kw name="Call Method" library="BuiltIn">
<arg>${options}</arg>
<arg>add_argument</arg>
<arg>--no-sandbox</arg>
<doc>Calls the named method of the given object with the provided arguments.</doc>
<status status="PASS" starttime="20231121 00:25:31.067" endtime="20231121 00:25:31.068"/>
</kw>
<kw name="Open Browser" library="SeleniumLibrary">
<arg>browser=chrome</arg>
<arg>options=${options}</arg>
<doc>Opens a new browser instance to the optional ``url``.</doc>
<msg timestamp="20231121 00:25:31.068" level="INFO">Opening browser 'chrome' to base url 'None'.</msg>
<status status="PASS" starttime="20231121 00:25:31.068" endtime="20231121 00:25:32.395"/>
</kw>
<kw name="Set Selenium Speed" library="SeleniumLibrary">
<arg>${DELAY}</arg>
<doc>Sets the delay that is waited after each Selenium command.</doc>
<status status="PASS" starttime="20231121 00:25:32.395" endtime="20231121 00:25:32.395"/>
</kw>
<status status="PASS" starttime="20231121 00:25:31.067" endtime="20231121 00:25:32.395"/>
</kw>
<test id="s1-s2-t1" name="Login With Correct Credentials" line="8">
<kw name="Create User And Go To Login Page" type="SETUP">
<kw name="Create User" library="AppLibrary">
<arg>kalle</arg>
<arg>kalle123</arg>
<status status="PASS" starttime="20231121 00:25:32.396" endtime="20231121 00:25:38.485"/>
</kw>
<kw name="Go To Login Page" library="resource">
<kw name="Go To" library="SeleniumLibrary">
<arg>${LOGIN_URL}</arg>
<doc>Navigates the current browser window to the provided ``url``.</doc>
<msg timestamp="20231121 00:25:38.486" level="INFO">Opening url 'http://localhost:5001/login'</msg>
<status status="PASS" starttime="20231121 00:25:38.486" endtime="20231121 00:25:39.333"/>
</kw>
<status status="PASS" starttime="20231121 00:25:38.485" endtime="20231121 00:25:39.333"/>
</kw>
<kw name="Login Page Should Be Open" library="resource">
<kw name="Title Should Be" library="SeleniumLibrary">
<arg>Login</arg>
<doc>Verifies that the current page title equals ``title``.</doc>
<msg timestamp="20231121 00:25:39.839" level="INFO">Page title is 'Login'.</msg>
<status status="PASS" starttime="20231121 00:25:39.333" endtime="20231121 00:25:39.839"/>
</kw>
<status status="PASS" starttime="20231121 00:25:39.333" endtime="20231121 00:25:39.839"/>
</kw>
<status status="PASS" starttime="20231121 00:25:32.396" endtime="20231121 00:25:39.839"/>
</kw>
<kw name="Set Username">
<arg>kalle</arg>
<kw name="Input Text" library="SeleniumLibrary">
<arg>username</arg>
<arg>${username}</arg>
<doc>Types the given ``text`` into the text field identified by ``locator``.</doc>
<msg timestamp="20231121 00:25:39.840" level="INFO">Typing text 'kalle' into text field 'username'.</msg>
<status status="PASS" starttime="20231121 00:25:39.839" endtime="20231121 00:25:41.416"/>
</kw>
<status status="PASS" starttime="20231121 00:25:39.839" endtime="20231121 00:25:41.416"/>
</kw>
<kw name="Set Password">
<arg>kalle123</arg>
<kw name="Input Password" library="SeleniumLibrary">
<arg>password</arg>
<arg>${password}</arg>
<doc>Types the given password into the text field identified by ``locator``.</doc>
<msg timestamp="20231121 00:25:41.417" level="INFO">Typing password into text field 'password'.</msg>
<msg timestamp="20231121 00:25:42.446" level="INFO">Temporally setting log level to: NONE</msg>
<msg timestamp="20231121 00:25:42.979" level="INFO">Log level changed from NONE to INFO.</msg>
<status status="PASS" starttime="20231121 00:25:41.416" endtime="20231121 00:25:42.979"/>
</kw>
<status status="PASS" starttime="20231121 00:25:41.416" endtime="20231121 00:25:42.979"/>
</kw>
<kw name="Submit Credentials">
<kw name="Click Button" library="SeleniumLibrary">
<arg>Login</arg>
<doc>Clicks the button identified by ``locator``.</doc>
<msg timestamp="20231121 00:25:42.980" level="INFO">Clicking button 'Login'.</msg>
<status status="PASS" starttime="20231121 00:25:42.980" endtime="20231121 00:25:45.357"/>
</kw>
<status status="PASS" starttime="20231121 00:25:42.979" endtime="20231121 00:25:45.357"/>
</kw>
<kw name="Login Should Succeed">
<kw name="Main Page Should Be Open" library="resource">
<kw name="Title Should Be" library="SeleniumLibrary">
<arg>Ohtu Application main page</arg>
<doc>Verifies that the current page title equals ``title``.</doc>
<msg timestamp="20231121 00:25:45.862" level="INFO">Page title is 'Ohtu Application main page'.</msg>
<status status="PASS" starttime="20231121 00:25:45.358" endtime="20231121 00:25:45.862"/>
</kw>
<status status="PASS" starttime="20231121 00:25:45.358" endtime="20231121 00:25:45.862"/>
</kw>
<status status="PASS" starttime="20231121 00:25:45.358" endtime="20231121 00:25:45.862"/>
</kw>
<status status="PASS" starttime="20231121 00:25:32.395" endtime="20231121 00:25:45.862"/>
</test>
<test id="s1-s2-t2" name="Login With Incorrect Password" line="14">
<kw name="Create User And Go To Login Page" type="SETUP">
<kw name="Create User" library="AppLibrary">
<arg>kalle</arg>
<arg>kalle123</arg>
<status status="PASS" starttime="20231121 00:25:45.864" endtime="20231121 00:25:51.933"/>
</kw>
<kw name="Go To Login Page" library="resource">
<kw name="Go To" library="SeleniumLibrary">
<arg>${LOGIN_URL}</arg>
<doc>Navigates the current browser window to the provided ``url``.</doc>
<msg timestamp="20231121 00:25:51.934" level="INFO">Opening url 'http://localhost:5001/login'</msg>
<status status="PASS" starttime="20231121 00:25:51.933" endtime="20231121 00:25:52.756"/>
</kw>
<status status="PASS" starttime="20231121 00:25:51.933" endtime="20231121 00:25:52.756"/>
</kw>
<kw name="Login Page Should Be Open" library="resource">
<kw name="Title Should Be" library="SeleniumLibrary">
<arg>Login</arg>
<doc>Verifies that the current page title equals ``title``.</doc>
<msg timestamp="20231121 00:25:53.260" level="INFO">Page title is 'Login'.</msg>
<status status="PASS" starttime="20231121 00:25:52.756" endtime="20231121 00:25:53.260"/>
</kw>
<status status="PASS" starttime="20231121 00:25:52.756" endtime="20231121 00:25:53.260"/>
</kw>
<status status="PASS" starttime="20231121 00:25:45.864" endtime="20231121 00:25:53.260"/>
</kw>
<kw name="Set Username">
<arg>kalle</arg>
<kw name="Input Text" library="SeleniumLibrary">
<arg>username</arg>
<arg>${username}</arg>
<doc>Types the given ``text`` into the text field identified by ``locator``.</doc>
<msg timestamp="20231121 00:25:53.261" level="INFO">Typing text 'kalle' into text field 'username'.</msg>
<status status="PASS" starttime="20231121 00:25:53.260" endtime="20231121 00:25:54.813"/>
</kw>
<status status="PASS" starttime="20231121 00:25:53.260" endtime="20231121 00:25:54.813"/>
</kw>
<kw name="Set Password">
<arg>kalle456</arg>
<kw name="Input Password" library="SeleniumLibrary">
<arg>password</arg>
<arg>${password}</arg>
<doc>Types the given password into the text field identified by ``locator``.</doc>
<msg timestamp="20231121 00:25:54.814" level="INFO">Typing password into text field 'password'.</msg>
<msg timestamp="20231121 00:25:55.841" level="INFO">Temporally setting log level to: NONE</msg>
<msg timestamp="20231121 00:25:56.389" level="INFO">Log level changed from NONE to INFO.</msg>
<status status="PASS" starttime="20231121 00:25:54.813" endtime="20231121 00:25:56.389"/>
</kw>
<status status="PASS" starttime="20231121 00:25:54.813" endtime="20231121 00:25:56.389"/>
</kw>
<kw name="Submit Credentials">
<kw name="Click Button" library="SeleniumLibrary">
<arg>Login</arg>
<doc>Clicks the button identified by ``locator``.</doc>
<msg timestamp="20231121 00:25:56.390" level="INFO">Clicking button 'Login'.</msg>
<status status="PASS" starttime="20231121 00:25:56.390" endtime="20231121 00:25:58.456"/>
</kw>
<status status="PASS" starttime="20231121 00:25:56.389" endtime="20231121 00:25:58.456"/>
</kw>
<kw name="Login Should Fail With Message">
<arg>Invalid username or password</arg>
<kw name="Login Page Should Be Open" library="resource">
<kw name="Title Should Be" library="SeleniumLibrary">
<arg>Login</arg>
<doc>Verifies that the current page title equals ``title``.</doc>
<msg timestamp="20231121 00:25:58.963" level="INFO">Page title is 'Login'.</msg>
<status status="PASS" starttime="20231121 00:25:58.456" endtime="20231121 00:25:58.963"/>
</kw>
<status status="PASS" starttime="20231121 00:25:58.456" endtime="20231121 00:25:58.963"/>
</kw>
<kw name="Page Should Contain" library="SeleniumLibrary">
<arg>${message}</arg>
<doc>Verifies that current page contains ``text``.</doc>
<msg timestamp="20231121 00:25:59.979" level="INFO">Current page contains text 'Invalid username or password'.</msg>
<status status="PASS" starttime="20231121 00:25:58.963" endtime="20231121 00:25:59.979"/>
</kw>
<status status="PASS" starttime="20231121 00:25:58.456" endtime="20231121 00:25:59.979"/>
</kw>
<status status="PASS" starttime="20231121 00:25:45.863" endtime="20231121 00:25:59.979"/>
</test>
<test id="s1-s2-t3" name="Login With Nonexistent Username" line="20">
<kw name="Create User And Go To Login Page" type="SETUP">
<kw name="Create User" library="AppLibrary">
<arg>kalle</arg>
<arg>kalle123</arg>
<status status="PASS" starttime="20231121 00:25:59.984" endtime="20231121 00:26:06.090"/>
</kw>
<kw name="Go To Login Page" library="resource">
<kw name="Go To" library="SeleniumLibrary">
<arg>${LOGIN_URL}</arg>
<doc>Navigates the current browser window to the provided ``url``.</doc>
<msg timestamp="20231121 00:26:06.090" level="INFO">Opening url 'http://localhost:5001/login'</msg>
<status status="PASS" starttime="20231121 00:26:06.090" endtime="20231121 00:26:06.914"/>
</kw>
<status status="PASS" starttime="20231121 00:26:06.090" endtime="20231121 00:26:06.914"/>
</kw>
<kw name="Login Page Should Be Open" library="resource">
<kw name="Title Should Be" library="SeleniumLibrary">
<arg>Login</arg>
<doc>Verifies that the current page title equals ``title``.</doc>
<msg timestamp="20231121 00:26:07.418" level="INFO">Page title is 'Login'.</msg>
<status status="PASS" starttime="20231121 00:26:06.914" endtime="20231121 00:26:07.418"/>
</kw>
<status status="PASS" starttime="20231121 00:26:06.914" endtime="20231121 00:26:07.418"/>
</kw>
<status status="PASS" starttime="20231121 00:25:59.984" endtime="20231121 00:26:07.418"/>
</kw>
<kw name="Set Username">
<arg>ville</arg>
<kw name="Input Text" library="SeleniumLibrary">
<arg>username</arg>
<arg>${username}</arg>
<doc>Types the given ``text`` into the text field identified by ``locator``.</doc>
<msg timestamp="20231121 00:26:07.419" level="INFO">Typing text 'ville' into text field 'username'.</msg>
<status status="PASS" starttime="20231121 00:26:07.418" endtime="20231121 00:26:08.972"/>
</kw>
<status status="PASS" starttime="20231121 00:26:07.418" endtime="20231121 00:26:08.972"/>
</kw>
<kw name="Set Password">
<arg>ville123</arg>
<kw name="Input Password" library="SeleniumLibrary">
<arg>password</arg>
<arg>${password}</arg>
<doc>Types the given password into the text field identified by ``locator``.</doc>
<msg timestamp="20231121 00:26:08.973" level="INFO">Typing password into text field 'password'.</msg>
<msg timestamp="20231121 00:26:09.998" level="INFO">Temporally setting log level to: NONE</msg>
<msg timestamp="20231121 00:26:10.529" level="INFO">Log level changed from NONE to INFO.</msg>
<status status="PASS" starttime="20231121 00:26:08.972" endtime="20231121 00:26:10.529"/>
</kw>
<status status="PASS" starttime="20231121 00:26:08.972" endtime="20231121 00:26:10.529"/>
</kw>
<kw name="Submit Credentials">
<kw name="Click Button" library="SeleniumLibrary">
<arg>Login</arg>
<doc>Clicks the button identified by ``locator``.</doc>
<msg timestamp="20231121 00:26:10.531" level="INFO">Clicking button 'Login'.</msg>
<status status="PASS" starttime="20231121 00:26:10.530" endtime="20231121 00:26:12.579"/>
</kw>
<status status="PASS" starttime="20231121 00:26:10.530" endtime="20231121 00:26:12.579"/>
</kw>
<kw name="Login Should Fail With Message">
<arg>Invalid username or password</arg>
<kw name="Login Page Should Be Open" library="resource">
<kw name="Title Should Be" library="SeleniumLibrary">
<arg>Login</arg>
<doc>Verifies that the current page title equals ``title``.</doc>
<msg timestamp="20231121 00:26:13.085" level="INFO">Page title is 'Login'.</msg>
<status status="PASS" starttime="20231121 00:26:12.580" endtime="20231121 00:26:13.085"/>
</kw>
<status status="PASS" starttime="20231121 00:26:12.579" endtime="20231121 00:26:13.085"/>
</kw>
<kw name="Page Should Contain" library="SeleniumLibrary">
<arg>${message}</arg>
<doc>Verifies that current page contains ``text``.</doc>
<msg timestamp="20231121 00:26:14.094" level="INFO">Current page contains text 'Invalid username or password'.</msg>
<status status="PASS" starttime="20231121 00:26:13.085" endtime="20231121 00:26:14.094"/>
</kw>
<status status="PASS" starttime="20231121 00:26:12.579" endtime="20231121 00:26:14.094"/>
</kw>
<status status="PASS" starttime="20231121 00:25:59.982" endtime="20231121 00:26:14.094"/>
</test>
<kw name="Close Browser" library="SeleniumLibrary" type="TEARDOWN">
<doc>Closes the current browser.</doc>
<status status="PASS" starttime="20231121 00:26:14.095" endtime="20231121 00:26:17.759"/>
</kw>
<status status="PASS" starttime="20231121 00:25:31.061" endtime="20231121 00:26:17.759"/>
</suite>
<suite id="s1-s3" name="Register" source="E:\koulu\ohtu\palautusrepositorio\viikko3\web-login\src\tests\register.robot">
<kw name="Open And Configure Browser" library="resource" type="SETUP">
<kw name="Evaluate" library="BuiltIn">
<var>${options}</var>
<arg>sys.modules['selenium.webdriver'].ChromeOptions()</arg>
<arg>sys</arg>
<doc>Evaluates the given expression in Python and returns the result.</doc>
<msg timestamp="20231121 00:26:17.769" level="INFO">${options} = &lt;selenium.webdriver.chrome.options.Options object at 0x0000024A130F5A90&gt;</msg>
<status status="PASS" starttime="20231121 00:26:17.769" endtime="20231121 00:26:17.769"/>
</kw>
<kw name="Call Method" library="BuiltIn">
<arg>${options}</arg>
<arg>add_argument</arg>
<arg>--no-sandbox</arg>
<doc>Calls the named method of the given object with the provided arguments.</doc>
<status status="PASS" starttime="20231121 00:26:17.769" endtime="20231121 00:26:17.769"/>
</kw>
<kw name="Open Browser" library="SeleniumLibrary">
<arg>browser=chrome</arg>
<arg>options=${options}</arg>
<doc>Opens a new browser instance to the optional ``url``.</doc>
<msg timestamp="20231121 00:26:17.770" level="INFO">Opening browser 'chrome' to base url 'None'.</msg>
<status status="PASS" starttime="20231121 00:26:17.769" endtime="20231121 00:26:19.086"/>
</kw>
<kw name="Set Selenium Speed" library="SeleniumLibrary">
<arg>${DELAY}</arg>
<doc>Sets the delay that is waited after each Selenium command.</doc>
<status status="PASS" starttime="20231121 00:26:19.086" endtime="20231121 00:26:19.087"/>
</kw>
<status status="PASS" starttime="20231121 00:26:17.768" endtime="20231121 00:26:19.087"/>
</kw>
<test id="s1-s3-t1" name="Register With Valid Username And Password" line="8">
<kw name="Go To Register Page" library="resource" type="SETUP">
<kw name="Go To" library="SeleniumLibrary">
<arg>${REGISTER_URL}</arg>
<doc>Navigates the current browser window to the provided ``url``.</doc>
<msg timestamp="20231121 00:26:19.088" level="INFO">Opening url 'http://localhost:5001/register'</msg>
<status status="PASS" starttime="20231121 00:26:19.088" endtime="20231121 00:26:19.930"/>
</kw>
<status status="PASS" starttime="20231121 00:26:19.088" endtime="20231121 00:26:19.930"/>
</kw>
<kw name="Set Username">
<arg>ville</arg>
<kw name="Input Text" library="SeleniumLibrary">
<arg>username</arg>
<arg>${username}</arg>
<doc>Types the given ``text`` into the text field identified by ``locator``.</doc>
<msg timestamp="20231121 00:26:19.931" level="INFO">Typing text 'ville' into text field 'username'.</msg>
<status status="PASS" starttime="20231121 00:26:19.930" endtime="20231121 00:26:21.513"/>
</kw>
<status status="PASS" starttime="20231121 00:26:19.930" endtime="20231121 00:26:21.513"/>
</kw>
<kw name="Set Password">
<arg>ville123</arg>
<kw name="Input Password" library="SeleniumLibrary">
<arg>password</arg>
<arg>${password}</arg>
<doc>Types the given password into the text field identified by ``locator``.</doc>
<msg timestamp="20231121 00:26:21.514" level="INFO">Typing password into text field 'password'.</msg>
<msg timestamp="20231121 00:26:22.545" level="INFO">Temporally setting log level to: NONE</msg>
<msg timestamp="20231121 00:26:23.078" level="INFO">Log level changed from NONE to INFO.</msg>
<status status="PASS" starttime="20231121 00:26:21.513" endtime="20231121 00:26:23.078"/>
</kw>
<status status="PASS" starttime="20231121 00:26:21.513" endtime="20231121 00:26:23.078"/>
</kw>
<kw name="Set Password Confirmation">
<arg>ville123</arg>
<kw name="Input Password" library="SeleniumLibrary">
<arg>password_confirmation</arg>
<arg>${password_confirmation}</arg>
<doc>Types the given password into the text field identified by ``locator``.</doc>
<msg timestamp="20231121 00:26:23.078" level="INFO">Typing password into text field 'password_confirmation'.</msg>
<msg timestamp="20231121 00:26:24.105" level="INFO">Temporally setting log level to: NONE</msg>
<msg timestamp="20231121 00:26:24.637" level="INFO">Log level changed from NONE to INFO.</msg>
<status status="PASS" starttime="20231121 00:26:23.078" endtime="20231121 00:26:24.637"/>
</kw>
<status status="PASS" starttime="20231121 00:26:23.078" endtime="20231121 00:26:24.637"/>
</kw>
<kw name="Submit Register">
<kw name="Click Button" library="SeleniumLibrary">
<arg>Register</arg>
<doc>Clicks the button identified by ``locator``.</doc>
<msg timestamp="20231121 00:26:24.638" level="INFO">Clicking button 'Register'.</msg>
<status status="PASS" starttime="20231121 00:26:24.638" endtime="20231121 00:26:27.020"/>
</kw>
<status status="PASS" starttime="20231121 00:26:24.637" endtime="20231121 00:26:27.020"/>
</kw>
<kw name="Welcome Page Should Be Open" library="resource">
<kw name="Title Should Be" library="SeleniumLibrary">
<arg>Welcome to Ohtu Application!</arg>
<doc>Verifies that the current page title equals ``title``.</doc>
<msg timestamp="20231121 00:26:27.526" level="INFO">Page title is 'Welcome to Ohtu Application!'.</msg>
<status status="PASS" starttime="20231121 00:26:27.020" endtime="20231121 00:26:27.526"/>
</kw>
<status status="PASS" starttime="20231121 00:26:27.020" endtime="20231121 00:26:27.526"/>
</kw>
<status status="PASS" starttime="20231121 00:26:19.087" endtime="20231121 00:26:27.526"/>
</test>
<test id="s1-s3-t2" name="Register With Too Short Username And Valid Password" line="15">
<kw name="Go To Register Page" library="resource" type="SETUP">
<kw name="Go To" library="SeleniumLibrary">
<arg>${REGISTER_URL}</arg>
<doc>Navigates the current browser window to the provided ``url``.</doc>
<msg timestamp="20231121 00:26:27.529" level="INFO">Opening url 'http://localhost:5001/register'</msg>
<status status="PASS" starttime="20231121 00:26:27.529" endtime="20231121 00:26:28.344"/>
</kw>
<status status="PASS" starttime="20231121 00:26:27.529" endtime="20231121 00:26:28.344"/>
</kw>
<kw name="Set Username">
<arg>vi</arg>
<kw name="Input Text" library="SeleniumLibrary">
<arg>username</arg>
<arg>${username}</arg>
<doc>Types the given ``text`` into the text field identified by ``locator``.</doc>
<msg timestamp="20231121 00:26:28.346" level="INFO">Typing text 'vi' into text field 'username'.</msg>
<status status="PASS" starttime="20231121 00:26:28.346" endtime="20231121 00:26:29.901"/>
</kw>
<status status="PASS" starttime="20231121 00:26:28.345" endtime="20231121 00:26:29.901"/>
</kw>
<kw name="Set Password">
<arg>ville123</arg>
<kw name="Input Password" library="SeleniumLibrary">
<arg>password</arg>
<arg>${password}</arg>
<doc>Types the given password into the text field identified by ``locator``.</doc>
<msg timestamp="20231121 00:26:29.902" level="INFO">Typing password into text field 'password'.</msg>
<msg timestamp="20231121 00:26:30.929" level="INFO">Temporally setting log level to: NONE</msg>
<msg timestamp="20231121 00:26:31.466" level="INFO">Log level changed from NONE to INFO.</msg>
<status status="PASS" starttime="20231121 00:26:29.901" endtime="20231121 00:26:31.466"/>
</kw>
<status status="PASS" starttime="20231121 00:26:29.901" endtime="20231121 00:26:31.466"/>
</kw>
<kw name="Set Password Confirmation">
<arg>ville123</arg>
<kw name="Input Password" library="SeleniumLibrary">
<arg>password_confirmation</arg>
<arg>${password_confirmation}</arg>
<doc>Types the given password into the text field identified by ``locator``.</doc>
<msg timestamp="20231121 00:26:31.467" level="INFO">Typing password into text field 'password_confirmation'.</msg>
<msg timestamp="20231121 00:26:32.493" level="INFO">Temporally setting log level to: NONE</msg>
<msg timestamp="20231121 00:26:33.026" level="INFO">Log level changed from NONE to INFO.</msg>
<status status="PASS" starttime="20231121 00:26:31.467" endtime="20231121 00:26:33.026"/>
</kw>
<status status="PASS" starttime="20231121 00:26:31.466" endtime="20231121 00:26:33.026"/>
</kw>
<kw name="Submit Register">
<kw name="Click Button" library="SeleniumLibrary">
<arg>Register</arg>
<doc>Clicks the button identified by ``locator``.</doc>
<msg timestamp="20231121 00:26:33.027" level="INFO">Clicking button 'Register'.</msg>
<status status="PASS" starttime="20231121 00:26:33.027" endtime="20231121 00:26:35.078"/>
</kw>
<status status="PASS" starttime="20231121 00:26:33.026" endtime="20231121 00:26:35.078"/>
</kw>
<kw name="Register Should Fail With Message">
<arg>Username must be at least 3 characters</arg>
<kw name="Register Page Should Be Open" library="resource">
<kw name="Title Should Be" library="SeleniumLibrary">
<arg>Register</arg>
<doc>Verifies that the current page title equals ``title``.</doc>
<msg timestamp="20231121 00:26:35.584" level="INFO">Page title is 'Register'.</msg>
<status status="PASS" starttime="20231121 00:26:35.079" endtime="20231121 00:26:35.584"/>
</kw>
<status status="PASS" starttime="20231121 00:26:35.078" endtime="20231121 00:26:35.584"/>
</kw>
<kw name="Page Should Contain" library="SeleniumLibrary">
<arg>${message}</arg>
<doc>Verifies that current page contains ``text``.</doc>
<msg timestamp="20231121 00:26:36.596" level="INFO">Current page contains text 'Username must be at least 3 characters'.</msg>
<status status="PASS" starttime="20231121 00:26:35.584" endtime="20231121 00:26:36.596"/>
</kw>
<status status="PASS" starttime="20231121 00:26:35.078" endtime="20231121 00:26:36.596"/>
</kw>
<status status="PASS" starttime="20231121 00:26:27.528" endtime="20231121 00:26:36.596"/>
</test>
<test id="s1-s3-t3" name="Register With Valid Username And Invalid Password" line="22">
<kw name="Go To Register Page" library="resource" type="SETUP">
<kw name="Go To" library="SeleniumLibrary">
<arg>${REGISTER_URL}</arg>
<doc>Navigates the current browser window to the provided ``url``.</doc>
<msg timestamp="20231121 00:26:36.598" level="INFO">Opening url 'http://localhost:5001/register'</msg>
<status status="PASS" starttime="20231121 00:26:36.598" endtime="20231121 00:26:37.412"/>
</kw>
<status status="PASS" starttime="20231121 00:26:36.598" endtime="20231121 00:26:37.412"/>
</kw>
<kw name="Set Username">
<arg>ville</arg>
<kw name="Input Text" library="SeleniumLibrary">
<arg>username</arg>
<arg>${username}</arg>
<doc>Types the given ``text`` into the text field identified by ``locator``.</doc>
<msg timestamp="20231121 00:26:37.413" level="INFO">Typing text 'ville' into text field 'username'.</msg>
<status status="PASS" starttime="20231121 00:26:37.412" endtime="20231121 00:26:38.967"/>
</kw>
<status status="PASS" starttime="20231121 00:26:37.412" endtime="20231121 00:26:38.967"/>
</kw>
<kw name="Set Password">
<arg>ville</arg>
<kw name="Input Password" library="SeleniumLibrary">
<arg>password</arg>
<arg>${password}</arg>
<doc>Types the given password into the text field identified by ``locator``.</doc>
<msg timestamp="20231121 00:26:38.968" level="INFO">Typing password into text field 'password'.</msg>
<msg timestamp="20231121 00:26:39.995" level="INFO">Temporally setting log level to: NONE</msg>
<msg timestamp="20231121 00:26:40.531" level="INFO">Log level changed from NONE to INFO.</msg>
<status status="PASS" starttime="20231121 00:26:38.967" endtime="20231121 00:26:40.531"/>
</kw>
<status status="PASS" starttime="20231121 00:26:38.967" endtime="20231121 00:26:40.531"/>
</kw>
<kw name="Set Password Confirmation">
<arg>ville</arg>
<kw name="Input Password" library="SeleniumLibrary">
<arg>password_confirmation</arg>
<arg>${password_confirmation}</arg>
<doc>Types the given password into the text field identified by ``locator``.</doc>
<msg timestamp="20231121 00:26:40.532" level="INFO">Typing password into text field 'password_confirmation'.</msg>
<msg timestamp="20231121 00:26:41.555" level="INFO">Temporally setting log level to: NONE</msg>
<msg timestamp="20231121 00:26:42.085" level="INFO">Log level changed from NONE to INFO.</msg>
<status status="PASS" starttime="20231121 00:26:40.531" endtime="20231121 00:26:42.085"/>
</kw>
<status status="PASS" starttime="20231121 00:26:40.531" endtime="20231121 00:26:42.085"/>
</kw>
<kw name="Submit Register">
<kw name="Click Button" library="SeleniumLibrary">
<arg>Register</arg>
<doc>Clicks the button identified by ``locator``.</doc>
<msg timestamp="20231121 00:26:42.086" level="INFO">Clicking button 'Register'.</msg>
<status status="PASS" starttime="20231121 00:26:42.086" endtime="20231121 00:26:44.137"/>
</kw>
<status status="PASS" starttime="20231121 00:26:42.085" endtime="20231121 00:26:44.137"/>
</kw>
<kw name="Register Should Fail With Message">
<arg>Password must contain other characters than letters</arg>
<kw name="Register Page Should Be Open" library="resource">
<kw name="Title Should Be" library="SeleniumLibrary">
<arg>Register</arg>
<doc>Verifies that the current page title equals ``title``.</doc>
<msg timestamp="20231121 00:26:44.642" level="INFO">Page title is 'Register'.</msg>
<status status="PASS" starttime="20231121 00:26:44.138" endtime="20231121 00:26:44.642"/>
</kw>
<status status="PASS" starttime="20231121 00:26:44.137" endtime="20231121 00:26:44.642"/>
</kw>
<kw name="Page Should Contain" library="SeleniumLibrary">
<arg>${message}</arg>
<doc>Verifies that current page contains ``text``.</doc>
<msg timestamp="20231121 00:26:45.658" level="INFO">Current page contains text 'Password must contain other characters than letters'.</msg>
<status status="PASS" starttime="20231121 00:26:44.642" endtime="20231121 00:26:45.658"/>
</kw>
<status status="PASS" starttime="20231121 00:26:44.137" endtime="20231121 00:26:45.658"/>
</kw>
<status status="PASS" starttime="20231121 00:26:36.597" endtime="20231121 00:26:45.658"/>
</test>
<test id="s1-s3-t4" name="Register With Nonmatching Password And Password Confirmation" line="30">
<kw name="Go To Register Page" library="resource" type="SETUP">
<kw name="Go To" library="SeleniumLibrary">
<arg>${REGISTER_URL}</arg>
<doc>Navigates the current browser window to the provided ``url``.</doc>
<msg timestamp="20231121 00:26:45.661" level="INFO">Opening url 'http://localhost:5001/register'</msg>
<status status="PASS" starttime="20231121 00:26:45.661" endtime="20231121 00:26:46.472"/>
</kw>
<status status="PASS" starttime="20231121 00:26:45.661" endtime="20231121 00:26:46.472"/>
</kw>
<kw name="Set Username">
<arg>user</arg>
<kw name="Input Text" library="SeleniumLibrary">
<arg>username</arg>
<arg>${username}</arg>
<doc>Types the given ``text`` into the text field identified by ``locator``.</doc>
<msg timestamp="20231121 00:26:46.473" level="INFO">Typing text 'user' into text field 'username'.</msg>
<status status="PASS" starttime="20231121 00:26:46.472" endtime="20231121 00:26:48.026"/>
</kw>
<status status="PASS" starttime="20231121 00:26:46.472" endtime="20231121 00:26:48.026"/>
</kw>
<kw name="Set Password">
<arg>ville123</arg>
<kw name="Input Password" library="SeleniumLibrary">
<arg>password</arg>
<arg>${password}</arg>
<doc>Types the given password into the text field identified by ``locator``.</doc>
<msg timestamp="20231121 00:26:48.027" level="INFO">Typing password into text field 'password'.</msg>
<msg timestamp="20231121 00:26:49.051" level="INFO">Temporally setting log level to: NONE</msg>
<msg timestamp="20231121 00:26:49.585" level="INFO">Log level changed from NONE to INFO.</msg>
<status status="PASS" starttime="20231121 00:26:48.026" endtime="20231121 00:26:49.585"/>
</kw>
<status status="PASS" starttime="20231121 00:26:48.026" endtime="20231121 00:26:49.585"/>
</kw>
<kw name="Set Password Confirmation">
<arg>kalle123</arg>
<kw name="Input Password" library="SeleniumLibrary">
<arg>password_confirmation</arg>
<arg>${password_confirmation}</arg>
<doc>Types the given password into the text field identified by ``locator``.</doc>
<msg timestamp="20231121 00:26:49.586" level="INFO">Typing password into text field 'password_confirmation'.</msg>
<msg timestamp="20231121 00:26:50.610" level="INFO">Temporally setting log level to: NONE</msg>
<msg timestamp="20231121 00:26:51.144" level="INFO">Log level changed from NONE to INFO.</msg>
<status status="PASS" starttime="20231121 00:26:49.586" endtime="20231121 00:26:51.144"/>
</kw>
<status status="PASS" starttime="20231121 00:26:49.585" endtime="20231121 00:26:51.144"/>
</kw>
<kw name="Submit Register">
<kw name="Click Button" library="SeleniumLibrary">
<arg>Register</arg>
<doc>Clicks the button identified by ``locator``.</doc>
<msg timestamp="20231121 00:26:51.145" level="INFO">Clicking button 'Register'.</msg>
<status status="PASS" starttime="20231121 00:26:51.145" endtime="20231121 00:26:53.195"/>
</kw>
<status status="PASS" starttime="20231121 00:26:51.144" endtime="20231121 00:26:53.195"/>
</kw>
<kw name="Register Should Fail With Message">
<arg>Password and confirmation does not match</arg>
<kw name="Register Page Should Be Open" library="resource">
<kw name="Title Should Be" library="SeleniumLibrary">
<arg>Register</arg>
<doc>Verifies that the current page title equals ``title``.</doc>
<msg timestamp="20231121 00:26:53.701" level="INFO">Page title is 'Register'.</msg>
<status status="PASS" starttime="20231121 00:26:53.196" endtime="20231121 00:26:53.701"/>
</kw>
<status status="PASS" starttime="20231121 00:26:53.195" endtime="20231121 00:26:53.701"/>
</kw>
<kw name="Page Should Contain" library="SeleniumLibrary">
<arg>${message}</arg>
<doc>Verifies that current page contains ``text``.</doc>
<msg timestamp="20231121 00:26:54.713" level="INFO">Current page contains text 'Password and confirmation does not match'.</msg>
<status status="PASS" starttime="20231121 00:26:53.701" endtime="20231121 00:26:54.713"/>
</kw>
<status status="PASS" starttime="20231121 00:26:53.195" endtime="20231121 00:26:54.713"/>
</kw>
<status status="PASS" starttime="20231121 00:26:45.660" endtime="20231121 00:26:54.713"/>
</test>
<test id="s1-s3-t5" name="Login After Successful Registration" line="38">
<kw name="Go To Register Page" library="resource" type="SETUP">
<kw name="Go To" library="SeleniumLibrary">
<arg>${REGISTER_URL}</arg>
<doc>Navigates the current browser window to the provided ``url``.</doc>
<msg timestamp="20231121 00:26:54.715" level="INFO">Opening url 'http://localhost:5001/register'</msg>
<status status="PASS" starttime="20231121 00:26:54.715" endtime="20231121 00:26:55.537"/>
</kw>
<status status="PASS" starttime="20231121 00:26:54.715" endtime="20231121 00:26:55.537"/>
</kw>
<kw name="Set Username">
<arg>test</arg>
<kw name="Input Text" library="SeleniumLibrary">
<arg>username</arg>
<arg>${username}</arg>
<doc>Types the given ``text`` into the text field identified by ``locator``.</doc>
<msg timestamp="20231121 00:26:55.538" level="INFO">Typing text 'test' into text field 'username'.</msg>
<status status="PASS" starttime="20231121 00:26:55.537" endtime="20231121 00:26:57.095"/>
</kw>
<status status="PASS" starttime="20231121 00:26:55.537" endtime="20231121 00:26:57.095"/>
</kw>
<kw name="Set Password">
<arg>ville123</arg>
<kw name="Input Password" library="SeleniumLibrary">
<arg>password</arg>
<arg>${password}</arg>
<doc>Types the given password into the text field identified by ``locator``.</doc>
<msg timestamp="20231121 00:26:57.096" level="INFO">Typing password into text field 'password'.</msg>
<msg timestamp="20231121 00:26:58.119" level="INFO">Temporally setting log level to: NONE</msg>
<msg timestamp="20231121 00:26:58.656" level="INFO">Log level changed from NONE to INFO.</msg>
<status status="PASS" starttime="20231121 00:26:57.095" endtime="20231121 00:26:58.656"/>
</kw>
<status status="PASS" starttime="20231121 00:26:57.095" endtime="20231121 00:26:58.656"/>
</kw>
<kw name="Set Password Confirmation">
<arg>ville123</arg>
<kw name="Input Password" library="SeleniumLibrary">
<arg>password_confirmation</arg>
<arg>${password_confirmation}</arg>
<doc>Types the given password into the text field identified by ``locator``.</doc>
<msg timestamp="20231121 00:26:58.657" level="INFO">Typing password into text field 'password_confirmation'.</msg>
<msg timestamp="20231121 00:26:59.689" level="INFO">Temporally setting log level to: NONE</msg>
<msg timestamp="20231121 00:27:00.220" level="INFO">Log level changed from NONE to INFO.</msg>
<status status="PASS" starttime="20231121 00:26:58.657" endtime="20231121 00:27:00.220"/>
</kw>
<status status="PASS" starttime="20231121 00:26:58.656" endtime="20231121 00:27:00.220"/>
</kw>
<kw name="Submit Register">
<kw name="Click Button" library="SeleniumLibrary">
<arg>Register</arg>
<doc>Clicks the button identified by ``locator``.</doc>
<msg timestamp="20231121 00:27:00.221" level="INFO">Clicking button 'Register'.</msg>
<status status="PASS" starttime="20231121 00:27:00.221" endtime="20231121 00:27:02.268"/>
</kw>
<status status="PASS" starttime="20231121 00:27:00.220" endtime="20231121 00:27:02.268"/>
</kw>
<kw name="Click Link" library="SeleniumLibrary">
<arg>Continue to main page</arg>
<doc>Clicks a link identified by ``locator``.</doc>
<msg timestamp="20231121 00:27:02.269" level="INFO">Clicking link 'Continue to main page'.</msg>
<status status="PASS" starttime="20231121 00:27:02.268" endtime="20231121 00:27:04.144"/>
</kw>
<kw name="Click Button" library="SeleniumLibrary">
<arg>Logout</arg>
<doc>Clicks the button identified by ``locator``.</doc>
<msg timestamp="20231121 00:27:04.145" level="INFO">Clicking button 'Logout'.</msg>
<status status="PASS" starttime="20231121 00:27:04.144" endtime="20231121 00:27:06.201"/>
</kw>
<kw name="Set Username">
<arg>test</arg>
<kw name="Input Text" library="SeleniumLibrary">
<arg>username</arg>
<arg>${username}</arg>
<doc>Types the given ``text`` into the text field identified by ``locator``.</doc>
<msg timestamp="20231121 00:27:06.203" level="INFO">Typing text 'test' into text field 'username'.</msg>
<status status="PASS" starttime="20231121 00:27:06.202" endtime="20231121 00:27:07.761"/>
</kw>
<status status="PASS" starttime="20231121 00:27:06.202" endtime="20231121 00:27:07.761"/>
</kw>
<kw name="Set Password">
<arg>ville123</arg>
<kw name="Input Password" library="SeleniumLibrary">
<arg>password</arg>
<arg>${password}</arg>
<doc>Types the given password into the text field identified by ``locator``.</doc>
<msg timestamp="20231121 00:27:07.762" level="INFO">Typing password into text field 'password'.</msg>
<msg timestamp="20231121 00:27:08.786" level="INFO">Temporally setting log level to: NONE</msg>
<msg timestamp="20231121 00:27:09.320" level="INFO">Log level changed from NONE to INFO.</msg>
<status status="PASS" starttime="20231121 00:27:07.762" endtime="20231121 00:27:09.320"/>
</kw>
<status status="PASS" starttime="20231121 00:27:07.762" endtime="20231121 00:27:09.320"/>
</kw>
<kw name="Click Button" library="SeleniumLibrary">
<arg>Login</arg>
<doc>Clicks the button identified by ``locator``.</doc>
<msg timestamp="20231121 00:27:09.321" level="INFO">Clicking button 'Login'.</msg>
<status status="PASS" starttime="20231121 00:27:09.320" endtime="20231121 00:27:11.694"/>
</kw>
<kw name="Login Should Succeed">
<kw name="Main Page Should Be Open" library="resource">
<kw name="Title Should Be" library="SeleniumLibrary">
<arg>Ohtu Application main page</arg>
<doc>Verifies that the current page title equals ``title``.</doc>
<msg timestamp="20231121 00:27:12.200" level="INFO">Page title is 'Ohtu Application main page'.</msg>
<status status="PASS" starttime="20231121 00:27:11.694" endtime="20231121 00:27:12.200"/>
</kw>
<status status="PASS" starttime="20231121 00:27:11.694" endtime="20231121 00:27:12.200"/>
</kw>
<status status="PASS" starttime="20231121 00:27:11.694" endtime="20231121 00:27:12.200"/>
</kw>
<status status="PASS" starttime="20231121 00:26:54.714" endtime="20231121 00:27:12.201"/>
</test>
<test id="s1-s3-t6" name="Login After Failed Registration" line="51">
<kw name="Go To Register Page" library="resource" type="SETUP">
<kw name="Go To" library="SeleniumLibrary">
<arg>${REGISTER_URL}</arg>
<doc>Navigates the current browser window to the provided ``url``.</doc>
<msg timestamp="20231121 00:27:12.202" level="INFO">Opening url 'http://localhost:5001/register'</msg>
<status status="PASS" starttime="20231121 00:27:12.202" endtime="20231121 00:27:12.724"/>
</kw>
<status status="PASS" starttime="20231121 00:27:12.202" endtime="20231121 00:27:12.724"/>
</kw>
<kw name="Set Username">
<arg>uusi</arg>
<kw name="Input Text" library="SeleniumLibrary">
<arg>username</arg>
<arg>${username}</arg>
<doc>Types the given ``text`` into the text field identified by ``locator``.</doc>
<msg timestamp="20231121 00:27:12.725" level="INFO">Typing text 'uusi' into text field 'username'.</msg>
<status status="PASS" starttime="20231121 00:27:12.724" endtime="20231121 00:27:14.281"/>
</kw>
<status status="PASS" starttime="20231121 00:27:12.724" endtime="20231121 00:27:14.281"/>
</kw>
<kw name="Set Password">
<arg>ville123</arg>
<kw name="Input Password" library="SeleniumLibrary">
<arg>password</arg>
<arg>${password}</arg>
<doc>Types the given password into the text field identified by ``locator``.</doc>
<msg timestamp="20231121 00:27:14.282" level="INFO">Typing password into text field 'password'.</msg>
<msg timestamp="20231121 00:27:15.306" level="INFO">Temporally setting log level to: NONE</msg>
<msg timestamp="20231121 00:27:15.855" level="INFO">Log level changed from NONE to INFO.</msg>
<status status="PASS" starttime="20231121 00:27:14.281" endtime="20231121 00:27:15.855"/>
</kw>
<status status="PASS" starttime="20231121 00:27:14.281" endtime="20231121 00:27:15.855"/>
</kw>
<kw name="Set Password Confirmation">
<arg>kalle123</arg>
<kw name="Input Password" library="SeleniumLibrary">
<arg>password_confirmation</arg>
<arg>${password_confirmation}</arg>
<doc>Types the given password into the text field identified by ``locator``.</doc>
<msg timestamp="20231121 00:27:15.856" level="INFO">Typing password into text field 'password_confirmation'.</msg>
<msg timestamp="20231121 00:27:16.878" level="INFO">Temporally setting log level to: NONE</msg>
<msg timestamp="20231121 00:27:17.432" level="INFO">Log level changed from NONE to INFO.</msg>
<status status="PASS" starttime="20231121 00:27:15.856" endtime="20231121 00:27:17.432"/>
</kw>
<status status="PASS" starttime="20231121 00:27:15.855" endtime="20231121 00:27:17.432"/>
</kw>
<kw name="Submit Register">
<kw name="Click Button" library="SeleniumLibrary">
<arg>Register</arg>
<doc>Clicks the button identified by ``locator``.</doc>
<msg timestamp="20231121 00:27:17.433" level="INFO">Clicking button 'Register'.</msg>
<status status="PASS" starttime="20231121 00:27:17.433" endtime="20231121 00:27:19.786"/>
</kw>
<status status="PASS" starttime="20231121 00:27:17.432" endtime="20231121 00:27:19.786"/>
</kw>
<kw name="Click Link" library="SeleniumLibrary">
<arg>Login</arg>
<doc>Clicks a link identified by ``locator``.</doc>
<msg timestamp="20231121 00:27:19.787" level="INFO">Clicking link 'Login'.</msg>
<status status="PASS" starttime="20231121 00:27:19.786" endtime="20231121 00:27:21.665"/>
</kw>
<kw name="Set Username">
<arg>uusi</arg>
<kw name="Input Text" library="SeleniumLibrary">
<arg>username</arg>
<arg>${username}</arg>
<doc>Types the given ``text`` into the text field identified by ``locator``.</doc>
<msg timestamp="20231121 00:27:21.666" level="INFO">Typing text 'uusi' into text field 'username'.</msg>
<status status="PASS" starttime="20231121 00:27:21.666" endtime="20231121 00:27:23.220"/>
</kw>
<status status="PASS" starttime="20231121 00:27:21.665" endtime="20231121 00:27:23.220"/>
</kw>
<kw name="Set Password">
<arg>ville123</arg>
<kw name="Input Password" library="SeleniumLibrary">
<arg>password</arg>
<arg>${password}</arg>
<doc>Types the given password into the text field identified by ``locator``.</doc>
<msg timestamp="20231121 00:27:23.220" level="INFO">Typing password into text field 'password'.</msg>
<msg timestamp="20231121 00:27:24.245" level="INFO">Temporally setting log level to: NONE</msg>
<msg timestamp="20231121 00:27:24.781" level="INFO">Log level changed from NONE to INFO.</msg>
<status status="PASS" starttime="20231121 00:27:23.220" endtime="20231121 00:27:24.781"/>
</kw>
<status status="PASS" starttime="20231121 00:27:23.220" endtime="20231121 00:27:24.781"/>
</kw>
<kw name="Click Button" library="SeleniumLibrary">
<arg>Login</arg>
<doc>Clicks the button identified by ``locator``.</doc>
<msg timestamp="20231121 00:27:24.781" level="INFO">Clicking button 'Login'.</msg>
<status status="PASS" starttime="20231121 00:27:24.781" endtime="20231121 00:27:26.837"/>
</kw>
<kw name="Login Should Fail With Message">
<arg>Invalid username or password</arg>
<kw name="Login Page Should Be Open" library="resource">
<kw name="Title Should Be" library="SeleniumLibrary">
<arg>Login</arg>
<doc>Verifies that the current page title equals ``title``.</doc>
<msg timestamp="20231121 00:27:27.342" level="INFO">Page title is 'Login'.</msg>
<status status="PASS" starttime="20231121 00:27:26.838" endtime="20231121 00:27:27.342"/>
</kw>
<status status="PASS" starttime="20231121 00:27:26.838" endtime="20231121 00:27:27.342"/>
</kw>
<kw name="Page Should Contain" library="SeleniumLibrary">
<arg>${message}</arg>
<doc>Verifies that current page contains ``text``.</doc>
<msg timestamp="20231121 00:27:28.356" level="INFO">Current page contains text 'Invalid username or password'.</msg>
<status status="PASS" starttime="20231121 00:27:27.342" endtime="20231121 00:27:28.356"/>
</kw>
<status status="PASS" starttime="20231121 00:27:26.837" endtime="20231121 00:27:28.356"/>
</kw>
<status status="PASS" starttime="20231121 00:27:12.202" endtime="20231121 00:27:28.356"/>
</test>
<kw name="Close Browser" library="SeleniumLibrary" type="TEARDOWN">
<doc>Closes the current browser.</doc>
<status status="PASS" starttime="20231121 00:27:28.358" endtime="20231121 00:27:32.009"/>
</kw>
<status status="PASS" starttime="20231121 00:26:17.762" endtime="20231121 00:27:32.009"/>
</suite>
<status status="PASS" starttime="20231121 00:25:17.904" endtime="20231121 00:27:32.012"/>
</suite>
<statistics>
<total>
<stat pass="11" fail="0" skip="0">All Tests</stat>
</total>
<tag>
</tag>
<suite>
<stat pass="11" fail="0" skip="0" id="s1" name="Tests">Tests</stat>
<stat pass="2" fail="0" skip="0" id="s1-s1" name="Home">Tests.Home</stat>
<stat pass="3" fail="0" skip="0" id="s1-s2" name="Login">Tests.Login</stat>
<stat pass="6" fail="0" skip="0" id="s1-s3" name="Register">Tests.Register</stat>
</suite>
</statistics>
<errors>
</errors>
</robot>
