<?xml version="1.0" encoding="UTF-8"?>
<robot generator="Robot 6.1.1 (Python 3.11.0 on win32)" generated="20231120 23:46:24.872" rpa="false" schemaversion="4">
<suite id="s1" name="Tests" source="E:\koulu\ohtu\palautusrepositorio\viikko3\web-login\src\tests">
<suite id="s1-s1" name="Home" source="E:\koulu\ohtu\palautusrepositorio\viikko3\web-login\src\tests\home.robot">
<kw name="Open And Configure Browser" library="resource" type="SETUP">
<kw name="Evaluate" library="BuiltIn">
<var>${options}</var>
<arg>sys.modules['selenium.webdriver'].ChromeOptions()</arg>
<arg>sys</arg>
<doc>Evaluates the given expression in Python and returns the result.</doc>
<msg timestamp="20231120 23:46:27.193" level="INFO">${options} = &lt;selenium.webdriver.chrome.options.Options object at 0x000001AD98E3ECD0&gt;</msg>
<status status="PASS" starttime="20231120 23:46:27.193" endtime="20231120 23:46:27.193"/>
</kw>
<kw name="Call Method" library="BuiltIn">
<arg>${options}</arg>
<arg>add_argument</arg>
<arg>--no-sandbox</arg>
<doc>Calls the named method of the given object with the provided arguments.</doc>
<status status="PASS" starttime="20231120 23:46:27.193" endtime="20231120 23:46:27.194"/>
</kw>
<kw name="Open Browser" library="SeleniumLibrary">
<arg>browser=chrome</arg>
<arg>options=${options}</arg>
<doc>Opens a new browser instance to the optional ``url``.</doc>
<msg timestamp="20231120 23:46:27.194" level="INFO">Opening browser 'chrome' to base url 'None'.</msg>
<status status="PASS" starttime="20231120 23:46:27.194" endtime="20231120 23:46:28.604"/>
</kw>
<kw name="Set Selenium Speed" library="SeleniumLibrary">
<arg>${DELAY}</arg>
<doc>Sets the delay that is waited after each Selenium command.</doc>
<status status="PASS" starttime="20231120 23:46:28.604" endtime="20231120 23:46:28.605"/>
</kw>
<status status="PASS" starttime="20231120 23:46:27.193" endtime="20231120 23:46:28.605"/>
</kw>
<test id="s1-s1-t1" name="Click Login Link" line="8">
<kw name="Go To Starting Page" library="resource" type="SETUP">
<kw name="Go To" library="SeleniumLibrary">
<arg>${HOME_URL}</arg>
<doc>Navigates the current browser window to the provided ``url``.</doc>
<msg timestamp="20231120 23:46:28.607" level="INFO">Opening url 'http://localhost:5001'</msg>
<status status="PASS" starttime="20231120 23:46:28.607" endtime="20231120 23:46:29.454"/>
</kw>
<status status="PASS" starttime="20231120 23:46:28.606" endtime="20231120 23:46:29.454"/>
</kw>
<kw name="Click Link" library="SeleniumLibrary">
<arg>Login</arg>
<doc>Clicks a link identified by ``locator``.</doc>
<msg timestamp="20231120 23:46:29.454" level="INFO">Clicking link 'Login'.</msg>
<status status="PASS" starttime="20231120 23:46:29.454" endtime="20231120 23:46:31.052"/>
</kw>
<kw name="Login Page Should Be Open" library="resource">
<kw name="Title Should Be" library="SeleniumLibrary">
<arg>Login</arg>
<doc>Verifies that the current page title equals ``title``.</doc>
<msg timestamp="20231120 23:46:31.564" level="INFO">Page title is 'Login'.</msg>
<status status="PASS" starttime="20231120 23:46:31.053" endtime="20231120 23:46:31.564"/>
</kw>
<status status="PASS" starttime="20231120 23:46:31.052" endtime="20231120 23:46:31.564"/>
</kw>
<status status="PASS" starttime="20231120 23:46:28.605" endtime="20231120 23:46:31.564"/>
</test>
<test id="s1-s1-t2" name="Click Register Link" line="12">
<kw name="Go To Starting Page" library="resource" type="SETUP">
<kw name="Go To" library="SeleniumLibrary">
<arg>${HOME_URL}</arg>
<doc>Navigates the current browser window to the provided ``url``.</doc>
<msg timestamp="20231120 23:46:31.567" level="INFO">Opening url 'http://localhost:5001'</msg>
<status status="PASS" starttime="20231120 23:46:31.567" endtime="20231120 23:46:32.094"/>
</kw>
<status status="PASS" starttime="20231120 23:46:31.567" endtime="20231120 23:46:32.094"/>
</kw>
<kw name="Click Link" library="SeleniumLibrary">
<arg>Register new user</arg>
<doc>Clicks a link identified by ``locator``.</doc>
<msg timestamp="20231120 23:46:32.095" level="INFO">Clicking link 'Register new user'.</msg>
<status status="PASS" starttime="20231120 23:46:32.094" endtime="20231120 23:46:33.658"/>
</kw>
<kw name="Register Page Should Be Open" library="resource">
<kw name="Title Should Be" library="SeleniumLibrary">
<arg>Register</arg>
<doc>Verifies that the current page title equals ``title``.</doc>
<msg timestamp="20231120 23:46:34.164" level="INFO">Page title is 'Register'.</msg>
<status status="PASS" starttime="20231120 23:46:33.659" endtime="20231120 23:46:34.164"/>
</kw>
<status status="PASS" starttime="20231120 23:46:33.658" endtime="20231120 23:46:34.164"/>
</kw>
<status status="PASS" starttime="20231120 23:46:31.566" endtime="20231120 23:46:34.164"/>
</test>
<kw name="Close Browser" library="SeleniumLibrary" type="TEARDOWN">
<doc>Closes the current browser.</doc>
<status status="PASS" starttime="20231120 23:46:34.166" endtime="20231120 23:46:37.847"/>
</kw>
<status status="PASS" starttime="20231120 23:46:24.900" endtime="20231120 23:46:37.847"/>
</suite>
<suite id="s1-s2" name="Login" source="E:\koulu\ohtu\palautusrepositorio\viikko3\web-login\src\tests\login.robot">
<kw name="Open And Configure Browser" library="resource" type="SETUP">
<kw name="Evaluate" library="BuiltIn">
<var>${options}</var>
<arg>sys.modules['selenium.webdriver'].ChromeOptions()</arg>
<arg>sys</arg>
<doc>Evaluates the given expression in Python and returns the result.</doc>
<msg timestamp="20231120 23:46:37.856" level="INFO">${options} = &lt;selenium.webdriver.chrome.options.Options object at 0x000001AD98F19950&gt;</msg>
<status status="PASS" starttime="20231120 23:46:37.855" endtime="20231120 23:46:37.856"/>
</kw>
<kw name="Call Method" library="BuiltIn">
<arg>${options}</arg>
<arg>add_argument</arg>
<arg>--no-sandbox</arg>
<doc>Calls the named method of the given object with the provided arguments.</doc>
<status status="PASS" starttime="20231120 23:46:37.856" endtime="20231120 23:46:37.856"/>
</kw>
<kw name="Open Browser" library="SeleniumLibrary">
<arg>browser=chrome</arg>
<arg>options=${options}</arg>
<doc>Opens a new browser instance to the optional ``url``.</doc>
<msg timestamp="20231120 23:46:37.856" level="INFO">Opening browser 'chrome' to base url 'None'.</msg>
<status status="PASS" starttime="20231120 23:46:37.856" endtime="20231120 23:46:39.263"/>
</kw>
<kw name="Set Selenium Speed" library="SeleniumLibrary">
<arg>${DELAY}</arg>
<doc>Sets the delay that is waited after each Selenium command.</doc>
<status status="PASS" starttime="20231120 23:46:39.264" endtime="20231120 23:46:39.264"/>
</kw>
<status status="PASS" starttime="20231120 23:46:37.855" endtime="20231120 23:46:39.264"/>
</kw>
<test id="s1-s2-t1" name="Login With Correct Credentials" line="8">
<kw name="Create User And Go To Login Page" type="SETUP">
<kw name="Create User" library="AppLibrary">
<arg>kalle</arg>
<arg>kalle123</arg>
<status status="PASS" starttime="20231120 23:46:39.265" endtime="20231120 23:46:45.356"/>
</kw>
<kw name="Go To Login Page" library="resource">
<kw name="Go To" library="SeleniumLibrary">
<arg>${LOGIN_URL}</arg>
<doc>Navigates the current browser window to the provided ``url``.</doc>
<msg timestamp="20231120 23:46:45.357" level="INFO">Opening url 'http://localhost:5001/login'</msg>
<status status="PASS" starttime="20231120 23:46:45.356" endtime="20231120 23:46:46.206"/>
</kw>
<status status="PASS" starttime="20231120 23:46:45.356" endtime="20231120 23:46:46.206"/>
</kw>
<kw name="Login Page Should Be Open" library="resource">
<kw name="Title Should Be" library="SeleniumLibrary">
<arg>Login</arg>
<doc>Verifies that the current page title equals ``title``.</doc>
<msg timestamp="20231120 23:46:46.713" level="INFO">Page title is 'Login'.</msg>
<status status="PASS" starttime="20231120 23:46:46.206" endtime="20231120 23:46:46.713"/>
</kw>
<status status="PASS" starttime="20231120 23:46:46.206" endtime="20231120 23:46:46.713"/>
</kw>
<status status="PASS" starttime="20231120 23:46:39.264" endtime="20231120 23:46:46.713"/>
</kw>
<kw name="Set Username">
<arg>kalle</arg>
<kw name="Input Text" library="SeleniumLibrary">
<arg>username</arg>
<arg>${username}</arg>
<doc>Types the given ``text`` into the text field identified by ``locator``.</doc>
<msg timestamp="20231120 23:46:46.713" level="INFO">Typing text 'kalle' into text field 'username'.</msg>
<status status="PASS" starttime="20231120 23:46:46.713" endtime="20231120 23:46:48.305"/>
</kw>
<status status="PASS" starttime="20231120 23:46:46.713" endtime="20231120 23:46:48.305"/>
</kw>
<kw name="Set Password">
<arg>kalle123</arg>
<kw name="Input Password" library="SeleniumLibrary">
<arg>password</arg>
<arg>${password}</arg>
<doc>Types the given password into the text field identified by ``locator``.</doc>
<msg timestamp="20231120 23:46:48.306" level="INFO">Typing password into text field 'password'.</msg>
<msg timestamp="20231120 23:46:49.341" level="INFO">Temporally setting log level to: NONE</msg>
<msg timestamp="20231120 23:46:49.884" level="INFO">Log level changed from NONE to INFO.</msg>
<status status="PASS" starttime="20231120 23:46:48.306" endtime="20231120 23:46:49.884"/>
</kw>
<status status="PASS" starttime="20231120 23:46:48.306" endtime="20231120 23:46:49.884"/>
</kw>
<kw name="Submit Credentials">
<kw name="Click Button" library="SeleniumLibrary">
<arg>Login</arg>
<doc>Clicks the button identified by ``locator``.</doc>
<msg timestamp="20231120 23:46:49.885" level="INFO">Clicking button 'Login'.</msg>
<status status="PASS" starttime="20231120 23:46:49.885" endtime="20231120 23:46:52.275"/>
</kw>
<status status="PASS" starttime="20231120 23:46:49.884" endtime="20231120 23:46:52.275"/>
</kw>
<kw name="Login Should Succeed">
<kw name="Main Page Should Be Open" library="resource">
<kw name="Title Should Be" library="SeleniumLibrary">
<arg>Ohtu Application main page</arg>
<doc>Verifies that the current page title equals ``title``.</doc>
<msg timestamp="20231120 23:46:52.789" level="INFO">Page title is 'Ohtu Application main page'.</msg>
<status status="PASS" starttime="20231120 23:46:52.277" endtime="20231120 23:46:52.789"/>
</kw>
<status status="PASS" starttime="20231120 23:46:52.277" endtime="20231120 23:46:52.789"/>
</kw>
<status status="PASS" starttime="20231120 23:46:52.277" endtime="20231120 23:46:52.789"/>
</kw>
<status status="PASS" starttime="20231120 23:46:39.264" endtime="20231120 23:46:52.790"/>
</test>
<test id="s1-s2-t2" name="Login With Incorrect Password" line="14">
<kw name="Create User And Go To Login Page" type="SETUP">
<kw name="Create User" library="AppLibrary">
<arg>kalle</arg>
<arg>kalle123</arg>
<status status="PASS" starttime="20231120 23:46:52.792" endtime="20231120 23:46:58.873"/>
</kw>
<kw name="Go To Login Page" library="resource">
<kw name="Go To" library="SeleniumLibrary">
<arg>${LOGIN_URL}</arg>
<doc>Navigates the current browser window to the provided ``url``.</doc>
<msg timestamp="20231120 23:46:58.874" level="INFO">Opening url 'http://localhost:5001/login'</msg>
<status status="PASS" starttime="20231120 23:46:58.874" endtime="20231120 23:46:59.701"/>
</kw>
<status status="PASS" starttime="20231120 23:46:58.873" endtime="20231120 23:46:59.701"/>
</kw>
<kw name="Login Page Should Be Open" library="resource">
<kw name="Title Should Be" library="SeleniumLibrary">
<arg>Login</arg>
<doc>Verifies that the current page title equals ``title``.</doc>
<msg timestamp="20231120 23:47:00.206" level="INFO">Page title is 'Login'.</msg>
<status status="PASS" starttime="20231120 23:46:59.701" endtime="20231120 23:47:00.206"/>
</kw>
<status status="PASS" starttime="20231120 23:46:59.701" endtime="20231120 23:47:00.206"/>
</kw>
<status status="PASS" starttime="20231120 23:46:52.791" endtime="20231120 23:47:00.206"/>
</kw>
<kw name="Set Username">
<arg>kalle</arg>
<kw name="Input Text" library="SeleniumLibrary">
<arg>username</arg>
<arg>${username}</arg>
<doc>Types the given ``text`` into the text field identified by ``locator``.</doc>
<msg timestamp="20231120 23:47:00.207" level="INFO">Typing text 'kalle' into text field 'username'.</msg>
<status status="PASS" starttime="20231120 23:47:00.207" endtime="20231120 23:47:01.769"/>
</kw>
<status status="PASS" starttime="20231120 23:47:00.206" endtime="20231120 23:47:01.769"/>
</kw>
<kw name="Set Password">
<arg>kalle456</arg>
<kw name="Input Password" library="SeleniumLibrary">
<arg>password</arg>
<arg>${password}</arg>
<doc>Types the given password into the text field identified by ``locator``.</doc>
<msg timestamp="20231120 23:47:01.770" level="INFO">Typing password into text field 'password'.</msg>
<msg timestamp="20231120 23:47:02.796" level="INFO">Temporally setting log level to: NONE</msg>
<msg timestamp="20231120 23:47:03.331" level="INFO">Log level changed from NONE to INFO.</msg>
<status status="PASS" starttime="20231120 23:47:01.770" endtime="20231120 23:47:03.331"/>
</kw>
<status status="PASS" starttime="20231120 23:47:01.769" endtime="20231120 23:47:03.331"/>
</kw>
<kw name="Submit Credentials">
<kw name="Click Button" library="SeleniumLibrary">
<arg>Login</arg>
<doc>Clicks the button identified by ``locator``.</doc>
<msg timestamp="20231120 23:47:03.332" level="INFO">Clicking button 'Login'.</msg>
<status status="PASS" starttime="20231120 23:47:03.332" endtime="20231120 23:47:05.395"/>
</kw>
<status status="PASS" starttime="20231120 23:47:03.332" endtime="20231120 23:47:05.395"/>
</kw>
<kw name="Login Should Fail With Message">
<arg>Invalid username or password</arg>
<kw name="Login Page Should Be Open" library="resource">
<kw name="Title Should Be" library="SeleniumLibrary">
<arg>Login</arg>
<doc>Verifies that the current page title equals ``title``.</doc>
<msg timestamp="20231120 23:47:05.901" level="INFO">Page title is 'Login'.</msg>
<status status="PASS" starttime="20231120 23:47:05.396" endtime="20231120 23:47:05.902"/>
</kw>
<status status="PASS" starttime="20231120 23:47:05.396" endtime="20231120 23:47:05.902"/>
</kw>
<kw name="Page Should Contain" library="SeleniumLibrary">
<arg>${message}</arg>
<doc>Verifies that current page contains ``text``.</doc>
<msg timestamp="20231120 23:47:06.916" level="INFO">Current page contains text 'Invalid username or password'.</msg>
<status status="PASS" starttime="20231120 23:47:05.902" endtime="20231120 23:47:06.916"/>
</kw>
<status status="PASS" starttime="20231120 23:47:05.395" endtime="20231120 23:47:06.916"/>
</kw>
<status status="PASS" starttime="20231120 23:46:52.791" endtime="20231120 23:47:06.916"/>
</test>
<test id="s1-s2-t3" name="Login With Nonexistent Username" line="20">
<kw name="Create User And Go To Login Page" type="SETUP">
<kw name="Create User" library="AppLibrary">
<arg>kalle</arg>
<arg>kalle123</arg>
<status status="PASS" starttime="20231120 23:47:06.918" endtime="20231120 23:47:13.028"/>
</kw>
<kw name="Go To Login Page" library="resource">
<kw name="Go To" library="SeleniumLibrary">
<arg>${LOGIN_URL}</arg>
<doc>Navigates the current browser window to the provided ``url``.</doc>
<msg timestamp="20231120 23:47:13.028" level="INFO">Opening url 'http://localhost:5001/login'</msg>
<status status="PASS" starttime="20231120 23:47:13.028" endtime="20231120 23:47:13.853"/>
</kw>
<status status="PASS" starttime="20231120 23:47:13.028" endtime="20231120 23:47:13.853"/>
</kw>
<kw name="Login Page Should Be Open" library="resource">
<kw name="Title Should Be" library="SeleniumLibrary">
<arg>Login</arg>
<doc>Verifies that the current page title equals ``title``.</doc>
<msg timestamp="20231120 23:47:14.362" level="INFO">Page title is 'Login'.</msg>
<status status="PASS" starttime="20231120 23:47:13.853" endtime="20231120 23:47:14.362"/>
</kw>
<status status="PASS" starttime="20231120 23:47:13.853" endtime="20231120 23:47:14.362"/>
</kw>
<status status="PASS" starttime="20231120 23:47:06.918" endtime="20231120 23:47:14.362"/>
</kw>
<kw name="Set Username">
<arg>ville</arg>
<kw name="Input Text" library="SeleniumLibrary">
<arg>username</arg>
<arg>${username}</arg>
<doc>Types the given ``text`` into the text field identified by ``locator``.</doc>
<msg timestamp="20231120 23:47:14.363" level="INFO">Typing text 'ville' into text field 'username'.</msg>
<status status="PASS" starttime="20231120 23:47:14.363" endtime="20231120 23:47:15.926"/>
</kw>
<status status="PASS" starttime="20231120 23:47:14.362" endtime="20231120 23:47:15.926"/>
</kw>
<kw name="Set Password">
<arg>ville123</arg>
<kw name="Input Password" library="SeleniumLibrary">
<arg>password</arg>
<arg>${password}</arg>
<doc>Types the given password into the text field identified by ``locator``.</doc>
<msg timestamp="20231120 23:47:15.928" level="INFO">Typing password into text field 'password'.</msg>
<msg timestamp="20231120 23:47:16.958" level="INFO">Temporally setting log level to: NONE</msg>
<msg timestamp="20231120 23:47:17.494" level="INFO">Log level changed from NONE to INFO.</msg>
<status status="PASS" starttime="20231120 23:47:15.927" endtime="20231120 23:47:17.494"/>
</kw>
<status status="PASS" starttime="20231120 23:47:15.927" endtime="20231120 23:47:17.494"/>
</kw>
<kw name="Submit Credentials">
<kw name="Click Button" library="SeleniumLibrary">
<arg>Login</arg>
<doc>Clicks the button identified by ``locator``.</doc>
<msg timestamp="20231120 23:47:17.495" level="INFO">Clicking button 'Login'.</msg>
<status status="PASS" starttime="20231120 23:47:17.495" endtime="20231120 23:47:19.555"/>
</kw>
<status status="PASS" starttime="20231120 23:47:17.494" endtime="20231120 23:47:19.555"/>
</kw>
<kw name="Login Should Fail With Message">
<arg>Invalid username or password</arg>
<kw name="Login Page Should Be Open" library="resource">
<kw name="Title Should Be" library="SeleniumLibrary">
<arg>Login</arg>
<doc>Verifies that the current page title equals ``title``.</doc>
<msg timestamp="20231120 23:47:20.062" level="INFO">Page title is 'Login'.</msg>
<status status="PASS" starttime="20231120 23:47:19.556" endtime="20231120 23:47:20.062"/>
</kw>
<status status="PASS" starttime="20231120 23:47:19.556" endtime="20231120 23:47:20.062"/>
</kw>
<kw name="Page Should Contain" library="SeleniumLibrary">
<arg>${message}</arg>
<doc>Verifies that current page contains ``text``.</doc>
<msg timestamp="20231120 23:47:21.074" level="INFO">Current page contains text 'Invalid username or password'.</msg>
<status status="PASS" starttime="20231120 23:47:20.062" endtime="20231120 23:47:21.074"/>
</kw>
<status status="PASS" starttime="20231120 23:47:19.555" endtime="20231120 23:47:21.074"/>
</kw>
<status status="PASS" starttime="20231120 23:47:06.918" endtime="20231120 23:47:21.074"/>
</test>
<kw name="Close Browser" library="SeleniumLibrary" type="TEARDOWN">
<doc>Closes the current browser.</doc>
<status status="PASS" starttime="20231120 23:47:21.076" endtime="20231120 23:47:24.802"/>
</kw>
<status status="PASS" starttime="20231120 23:46:37.849" endtime="20231120 23:47:24.802"/>
</suite>
<suite id="s1-s3" name="Register" source="E:\koulu\ohtu\palautusrepositorio\viikko3\web-login\src\tests\register.robot">
<kw name="Open And Configure Browser" library="resource" type="SETUP">
<kw name="Evaluate" library="BuiltIn">
<var>${options}</var>
<arg>sys.modules['selenium.webdriver'].ChromeOptions()</arg>
<arg>sys</arg>
<doc>Evaluates the given expression in Python and returns the result.</doc>
<msg timestamp="20231120 23:47:24.811" level="INFO">${options} = &lt;selenium.webdriver.chrome.options.Options object at 0x000001AD98FBADD0&gt;</msg>
<status status="PASS" starttime="20231120 23:47:24.810" endtime="20231120 23:47:24.811"/>
</kw>
<kw name="Call Method" library="BuiltIn">
<arg>${options}</arg>
<arg>add_argument</arg>
<arg>--no-sandbox</arg>
<doc>Calls the named method of the given object with the provided arguments.</doc>
<status status="PASS" starttime="20231120 23:47:24.811" endtime="20231120 23:47:24.811"/>
</kw>
<kw name="Open Browser" library="SeleniumLibrary">
<arg>browser=chrome</arg>
<arg>options=${options}</arg>
<doc>Opens a new browser instance to the optional ``url``.</doc>
<msg timestamp="20231120 23:47:24.811" level="INFO">Opening browser 'chrome' to base url 'None'.</msg>
<status status="PASS" starttime="20231120 23:47:24.811" endtime="20231120 23:47:26.295"/>
</kw>
<kw name="Set Selenium Speed" library="SeleniumLibrary">
<arg>${DELAY}</arg>
<doc>Sets the delay that is waited after each Selenium command.</doc>
<status status="PASS" starttime="20231120 23:47:26.295" endtime="20231120 23:47:26.296"/>
</kw>
<status status="PASS" starttime="20231120 23:47:24.810" endtime="20231120 23:47:26.296"/>
</kw>
<test id="s1-s3-t1" name="Register With Valid Username And Password" line="8">
<kw name="Go To Register Page" library="resource" type="SETUP">
<kw name="Go To" library="SeleniumLibrary">
<arg>${REGISTER_URL}</arg>
<doc>Navigates the current browser window to the provided ``url``.</doc>
<msg timestamp="20231120 23:47:26.296" level="INFO">Opening url 'http://localhost:5001/register'</msg>
<status status="PASS" starttime="20231120 23:47:26.296" endtime="20231120 23:47:27.144"/>
</kw>
<status status="PASS" starttime="20231120 23:47:26.296" endtime="20231120 23:47:27.144"/>
</kw>
<kw name="Set Username">
<arg>ville</arg>
<kw name="Input Text" library="SeleniumLibrary">
<arg>username</arg>
<arg>${username}</arg>
<doc>Types the given ``text`` into the text field identified by ``locator``.</doc>
<msg timestamp="20231120 23:47:27.145" level="INFO">Typing text 'ville' into text field 'username'.</msg>
<status status="PASS" starttime="20231120 23:47:27.145" endtime="20231120 23:47:28.734"/>
</kw>
<status status="PASS" starttime="20231120 23:47:27.144" endtime="20231120 23:47:28.734"/>
</kw>
<kw name="Set Password">
<arg>ville123</arg>
<kw name="Input Password" library="SeleniumLibrary">
<arg>password</arg>
<arg>${password}</arg>
<doc>Types the given password into the text field identified by ``locator``.</doc>
<msg timestamp="20231120 23:47:28.735" level="INFO">Typing password into text field 'password'.</msg>
<msg timestamp="20231120 23:47:29.770" level="INFO">Temporally setting log level to: NONE</msg>
<msg timestamp="20231120 23:47:30.310" level="INFO">Log level changed from NONE to INFO.</msg>
<status status="PASS" starttime="20231120 23:47:28.735" endtime="20231120 23:47:30.310"/>
</kw>
<status status="PASS" starttime="20231120 23:47:28.734" endtime="20231120 23:47:30.310"/>
</kw>
<kw name="Set Password Confirmation">
<arg>ville123</arg>
<kw name="Input Password" library="SeleniumLibrary">
<arg>password_confirmation</arg>
<arg>${password_confirmation}</arg>
<doc>Types the given password into the text field identified by ``locator``.</doc>
<msg timestamp="20231120 23:47:30.311" level="INFO">Typing password into text field 'password_confirmation'.</msg>
<msg timestamp="20231120 23:47:31.345" level="INFO">Temporally setting log level to: NONE</msg>
<msg timestamp="20231120 23:47:31.882" level="INFO">Log level changed from NONE to INFO.</msg>
<status status="PASS" starttime="20231120 23:47:30.311" endtime="20231120 23:47:31.882"/>
</kw>
<status status="PASS" starttime="20231120 23:47:30.310" endtime="20231120 23:47:31.882"/>
</kw>
<kw name="Submit Register">
<kw name="Click Button" library="SeleniumLibrary">
<arg>Register</arg>
<doc>Clicks the button identified by ``locator``.</doc>
<msg timestamp="20231120 23:47:31.883" level="INFO">Clicking button 'Register'.</msg>
<status status="PASS" starttime="20231120 23:47:31.883" endtime="20231120 23:47:34.271"/>
</kw>
<status status="PASS" starttime="20231120 23:47:31.882" endtime="20231120 23:47:34.271"/>
</kw>
<kw name="Welcome Page Should Be Open" library="resource">
<kw name="Title Should Be" library="SeleniumLibrary">
<arg>Welcome to Ohtu Application!</arg>
<doc>Verifies that the current page title equals ``title``.</doc>
<msg timestamp="20231120 23:47:34.779" level="INFO">Page title is 'Welcome to Ohtu Application!'.</msg>
<status status="PASS" starttime="20231120 23:47:34.272" endtime="20231120 23:47:34.779"/>
</kw>
<status status="PASS" starttime="20231120 23:47:34.271" endtime="20231120 23:47:34.779"/>
</kw>
<status status="PASS" starttime="20231120 23:47:26.296" endtime="20231120 23:47:34.779"/>
</test>
<test id="s1-s3-t2" name="Register With Too Short Username And Valid Password" line="15">
<kw name="Go To Register Page" library="resource" type="SETUP">
<kw name="Go To" library="SeleniumLibrary">
<arg>${REGISTER_URL}</arg>
<doc>Navigates the current browser window to the provided ``url``.</doc>
<msg timestamp="20231120 23:47:34.782" level="INFO">Opening url 'http://localhost:5001/register'</msg>
<status status="PASS" starttime="20231120 23:47:34.782" endtime="20231120 23:47:35.611"/>
</kw>
<status status="PASS" starttime="20231120 23:47:34.781" endtime="20231120 23:47:35.611"/>
</kw>
<kw name="Set Username">
<arg>vi</arg>
<kw name="Input Text" library="SeleniumLibrary">
<arg>username</arg>
<arg>${username}</arg>
<doc>Types the given ``text`` into the text field identified by ``locator``.</doc>
<msg timestamp="20231120 23:47:35.613" level="INFO">Typing text 'vi' into text field 'username'.</msg>
<status status="PASS" starttime="20231120 23:47:35.612" endtime="20231120 23:47:37.184"/>
</kw>
<status status="PASS" starttime="20231120 23:47:35.612" endtime="20231120 23:47:37.184"/>
</kw>
<kw name="Set Password">
<arg>ville123</arg>
<kw name="Input Password" library="SeleniumLibrary">
<arg>password</arg>
<arg>${password}</arg>
<doc>Types the given password into the text field identified by ``locator``.</doc>
<msg timestamp="20231120 23:47:37.185" level="INFO">Typing password into text field 'password'.</msg>
<msg timestamp="20231120 23:47:38.212" level="INFO">Temporally setting log level to: NONE</msg>
<msg timestamp="20231120 23:47:38.753" level="INFO">Log level changed from NONE to INFO.</msg>
<status status="PASS" starttime="20231120 23:47:37.185" endtime="20231120 23:47:38.753"/>
</kw>
<status status="PASS" starttime="20231120 23:47:37.184" endtime="20231120 23:47:38.753"/>
</kw>
<kw name="Set Password Confirmation">
<arg>ville123</arg>
<kw name="Input Password" library="SeleniumLibrary">
<arg>password_confirmation</arg>
<arg>${password_confirmation}</arg>
<doc>Types the given password into the text field identified by ``locator``.</doc>
<msg timestamp="20231120 23:47:38.754" level="INFO">Typing password into text field 'password_confirmation'.</msg>
<msg timestamp="20231120 23:47:39.786" level="INFO">Temporally setting log level to: NONE</msg>
<msg timestamp="20231120 23:47:40.331" level="INFO">Log level changed from NONE to INFO.</msg>
<status status="PASS" starttime="20231120 23:47:38.754" endtime="20231120 23:47:40.331"/>
</kw>
<status status="PASS" starttime="20231120 23:47:38.753" endtime="20231120 23:47:40.331"/>
</kw>
<kw name="Submit Register">
<kw name="Click Button" library="SeleniumLibrary">
<arg>Register</arg>
<doc>Clicks the button identified by ``locator``.</doc>
<msg timestamp="20231120 23:47:40.332" level="INFO">Clicking button 'Register'.</msg>
<status status="PASS" starttime="20231120 23:47:40.332" endtime="20231120 23:47:42.391"/>
</kw>
<status status="PASS" starttime="20231120 23:47:40.332" endtime="20231120 23:47:42.391"/>
</kw>
<kw name="Register Should Fail With Message">
<arg>Username must be at least 3 characters</arg>
<kw name="Register Page Should Be Open" library="resource">
<kw name="Title Should Be" library="SeleniumLibrary">
<arg>Register</arg>
<doc>Verifies that the current page title equals ``title``.</doc>
<msg timestamp="20231120 23:47:42.897" level="INFO">Page title is 'Register'.</msg>
<status status="PASS" starttime="20231120 23:47:42.392" endtime="20231120 23:47:42.897"/>
</kw>
<status status="PASS" starttime="20231120 23:47:42.392" endtime="20231120 23:47:42.897"/>
</kw>
<kw name="Page Should Contain" library="SeleniumLibrary">
<arg>${message}</arg>
<doc>Verifies that current page contains ``text``.</doc>
<msg timestamp="20231120 23:47:43.912" level="INFO">Current page contains text 'Username must be at least 3 characters'.</msg>
<status status="PASS" starttime="20231120 23:47:42.897" endtime="20231120 23:47:43.912"/>
</kw>
<status status="PASS" starttime="20231120 23:47:42.391" endtime="20231120 23:47:43.912"/>
</kw>
<status status="PASS" starttime="20231120 23:47:34.781" endtime="20231120 23:47:43.912"/>
</test>
<test id="s1-s3-t3" name="Register With Valid Username And Invalid Password" line="22">
<kw name="Go To Register Page" library="resource" type="SETUP">
<kw name="Go To" library="SeleniumLibrary">
<arg>${REGISTER_URL}</arg>
<doc>Navigates the current browser window to the provided ``url``.</doc>
<msg timestamp="20231120 23:47:43.914" level="INFO">Opening url 'http://localhost:5001/register'</msg>
<status status="PASS" starttime="20231120 23:47:43.914" endtime="20231120 23:47:44.731"/>
</kw>
<status status="PASS" starttime="20231120 23:47:43.914" endtime="20231120 23:47:44.731"/>
</kw>
<kw name="Set Username">
<arg>ville</arg>
<kw name="Input Text" library="SeleniumLibrary">
<arg>username</arg>
<arg>${username}</arg>
<doc>Types the given ``text`` into the text field identified by ``locator``.</doc>
<msg timestamp="20231120 23:47:44.731" level="INFO">Typing text 'ville' into text field 'username'.</msg>
<status status="PASS" starttime="20231120 23:47:44.731" endtime="20231120 23:47:46.351"/>
</kw>
<status status="PASS" starttime="20231120 23:47:44.731" endtime="20231120 23:47:46.351"/>
</kw>
<kw name="Set Password">
<arg>ville</arg>
<kw name="Input Password" library="SeleniumLibrary">
<arg>password</arg>
<arg>${password}</arg>
<doc>Types the given password into the text field identified by ``locator``.</doc>
<msg timestamp="20231120 23:47:46.352" level="INFO">Typing password into text field 'password'.</msg>
<msg timestamp="20231120 23:47:47.380" level="INFO">Temporally setting log level to: NONE</msg>
<msg timestamp="20231120 23:47:47.917" level="INFO">Log level changed from NONE to INFO.</msg>
<status status="PASS" starttime="20231120 23:47:46.351" endtime="20231120 23:47:47.917"/>
</kw>
<status status="PASS" starttime="20231120 23:47:46.351" endtime="20231120 23:47:47.917"/>
</kw>
<kw name="Set Password Confirmation">
<arg>ville</arg>
<kw name="Input Password" library="SeleniumLibrary">
<arg>password_confirmation</arg>
<arg>${password_confirmation}</arg>
<doc>Types the given password into the text field identified by ``locator``.</doc>
<msg timestamp="20231120 23:47:47.918" level="INFO">Typing password into text field 'password_confirmation'.</msg>
<msg timestamp="20231120 23:47:48.947" level="INFO">Temporally setting log level to: NONE</msg>
<msg timestamp="20231120 23:47:49.483" level="INFO">Log level changed from NONE to INFO.</msg>
<status status="PASS" starttime="20231120 23:47:47.918" endtime="20231120 23:47:49.483"/>
</kw>
<status status="PASS" starttime="20231120 23:47:47.917" endtime="20231120 23:47:49.483"/>
</kw>
<kw name="Submit Register">
<kw name="Click Button" library="SeleniumLibrary">
<arg>Register</arg>
<doc>Clicks the button identified by ``locator``.</doc>
<msg timestamp="20231120 23:47:49.484" level="INFO">Clicking button 'Register'.</msg>
<status status="PASS" starttime="20231120 23:47:49.484" endtime="20231120 23:47:51.542"/>
</kw>
<status status="PASS" starttime="20231120 23:47:49.483" endtime="20231120 23:47:51.542"/>
</kw>
<kw name="Register Should Fail With Message">
<arg>Password must contain other characters than letters</arg>
<kw name="Register Page Should Be Open" library="resource">
<kw name="Title Should Be" library="SeleniumLibrary">
<arg>Register</arg>
<doc>Verifies that the current page title equals ``title``.</doc>
<msg timestamp="20231120 23:47:52.048" level="INFO">Page title is 'Register'.</msg>
<status status="PASS" starttime="20231120 23:47:51.543" endtime="20231120 23:47:52.048"/>
</kw>
<status status="PASS" starttime="20231120 23:47:51.543" endtime="20231120 23:47:52.048"/>
</kw>
<kw name="Page Should Contain" library="SeleniumLibrary">
<arg>${message}</arg>
<doc>Verifies that current page contains ``text``.</doc>
<msg timestamp="20231120 23:47:53.063" level="INFO">Current page contains text 'Password must contain other characters than letters'.</msg>
<status status="PASS" starttime="20231120 23:47:52.048" endtime="20231120 23:47:53.063"/>
</kw>
<status status="PASS" starttime="20231120 23:47:51.543" endtime="20231120 23:47:53.063"/>
</kw>
<status status="PASS" starttime="20231120 23:47:43.913" endtime="20231120 23:47:53.063"/>
</test>
<test id="s1-s3-t4" name="Register With Nonmatching Password And Password Confirmation" line="30">
<kw name="Go To Register Page" library="resource" type="SETUP">
<kw name="Go To" library="SeleniumLibrary">
<arg>${REGISTER_URL}</arg>
<doc>Navigates the current browser window to the provided ``url``.</doc>
<msg timestamp="20231120 23:47:53.065" level="INFO">Opening url 'http://localhost:5001/register'</msg>
<status status="PASS" starttime="20231120 23:47:53.065" endtime="20231120 23:47:53.881"/>
</kw>
<status status="PASS" starttime="20231120 23:47:53.065" endtime="20231120 23:47:53.881"/>
</kw>
<kw name="Set Username">
<arg>ville</arg>
<kw name="Input Text" library="SeleniumLibrary">
<arg>username</arg>
<arg>${username}</arg>
<doc>Types the given ``text`` into the text field identified by ``locator``.</doc>
<msg timestamp="20231120 23:47:53.882" level="INFO">Typing text 'ville' into text field 'username'.</msg>
<status status="PASS" starttime="20231120 23:47:53.881" endtime="20231120 23:47:55.453"/>
</kw>
<status status="PASS" starttime="20231120 23:47:53.881" endtime="20231120 23:47:55.453"/>
</kw>
<kw name="Set Password">
<arg>ville123</arg>
<kw name="Input Password" library="SeleniumLibrary">
<arg>password</arg>
<arg>${password}</arg>
<doc>Types the given password into the text field identified by ``locator``.</doc>
<msg timestamp="20231120 23:47:55.454" level="INFO">Typing password into text field 'password'.</msg>
<msg timestamp="20231120 23:47:56.486" level="INFO">Temporally setting log level to: NONE</msg>
<msg timestamp="20231120 23:47:57.025" level="INFO">Log level changed from NONE to INFO.</msg>
<status status="PASS" starttime="20231120 23:47:55.454" endtime="20231120 23:47:57.025"/>
</kw>
<status status="PASS" starttime="20231120 23:47:55.453" endtime="20231120 23:47:57.025"/>
</kw>
<kw name="Set Password Confirmation">
<arg>ville123</arg>
<kw name="Input Password" library="SeleniumLibrary">
<arg>password_confirmation</arg>
<arg>${password_confirmation}</arg>
<doc>Types the given password into the text field identified by ``locator``.</doc>
<msg timestamp="20231120 23:47:57.026" level="INFO">Typing password into text field 'password_confirmation'.</msg>
<msg timestamp="20231120 23:47:58.054" level="INFO">Temporally setting log level to: NONE</msg>
<msg timestamp="20231120 23:47:58.592" level="INFO">Log level changed from NONE to INFO.</msg>
<status status="PASS" starttime="20231120 23:47:57.026" endtime="20231120 23:47:58.592"/>
</kw>
<status status="PASS" starttime="20231120 23:47:57.025" endtime="20231120 23:47:58.592"/>
</kw>
<kw name="Submit Register">
<kw name="Click Button" library="SeleniumLibrary">
<arg>Register</arg>
<doc>Clicks the button identified by ``locator``.</doc>
<msg timestamp="20231120 23:47:58.593" level="INFO">Clicking button 'Register'.</msg>
<status status="PASS" starttime="20231120 23:47:58.593" endtime="20231120 23:48:00.655"/>
</kw>
<status status="PASS" starttime="20231120 23:47:58.592" endtime="20231120 23:48:00.655"/>
</kw>
<kw name="Register Should Fail With Message">
<arg>Password and confirmation does not match</arg>
<kw name="Register Page Should Be Open" library="resource">
<kw name="Title Should Be" library="SeleniumLibrary">
<arg>Register</arg>
<doc>Verifies that the current page title equals ``title``.</doc>
<msg timestamp="20231120 23:48:01.161" level="INFO">Page title is 'Register'.</msg>
<status status="PASS" starttime="20231120 23:48:00.656" endtime="20231120 23:48:01.161"/>
</kw>
<status status="PASS" starttime="20231120 23:48:00.656" endtime="20231120 23:48:01.161"/>
</kw>
<kw name="Page Should Contain" library="SeleniumLibrary">
<arg>${message}</arg>
<doc>Verifies that current page contains ``text``.</doc>
<msg timestamp="20231120 23:48:03.808" level="INFO" html="true">&lt;/td&gt;&lt;/tr&gt;&lt;tr&gt;&lt;td colspan="3"&gt;&lt;a href="selenium-screenshot-2.png"&gt;&lt;img src="selenium-screenshot-2.png" width="800px"&gt;&lt;/a&gt;</msg>
<msg timestamp="20231120 23:48:03.808" level="FAIL">Page should have contained text 'Password and confirmation does not match' but did not.</msg>
<status status="FAIL" starttime="20231120 23:48:01.161" endtime="20231120 23:48:03.809"/>
</kw>
<status status="FAIL" starttime="20231120 23:48:00.655" endtime="20231120 23:48:03.809"/>
</kw>
<status status="FAIL" starttime="20231120 23:47:53.064" endtime="20231120 23:48:03.810">Page should have contained text 'Password and confirmation does not match' but did not.</status>
</test>
<kw name="Close Browser" library="SeleniumLibrary" type="TEARDOWN">
<doc>Closes the current browser.</doc>
<status status="PASS" starttime="20231120 23:48:03.812" endtime="20231120 23:48:06.390"/>
</kw>
<status status="FAIL" starttime="20231120 23:47:24.804" endtime="20231120 23:48:06.390"/>
</suite>
<status status="FAIL" starttime="20231120 23:46:24.874" endtime="20231120 23:48:06.393"/>
</suite>
<statistics>
<total>
<stat pass="8" fail="1" skip="0">All Tests</stat>
</total>
<tag>
</tag>
<suite>
<stat pass="8" fail="1" skip="0" id="s1" name="Tests">Tests</stat>
<stat pass="2" fail="0" skip="0" id="s1-s1" name="Home">Tests.Home</stat>
<stat pass="3" fail="0" skip="0" id="s1-s2" name="Login">Tests.Login</stat>
<stat pass="3" fail="1" skip="0" id="s1-s3" name="Register">Tests.Register</stat>
</suite>
</statistics>
<errors>
</errors>
</robot>
