<?xml version="1.0" encoding="UTF-8"?>
<robot generator="Robot 6.1.1 (Python 3.11.0 on win32)" generated="20231120 23:12:28.231" rpa="false" schemaversion="4">
<suite id="s1" name="Tests" source="E:\koulu\ohtu\palautusrepositorio\viikko3\login-robot\src\tests">
<suite id="s1-s1" name="Login" source="E:\koulu\ohtu\palautusrepositorio\viikko3\login-robot\src\tests\login.robot">
<test id="s1-s1-t1" name="Login With Correct Credentials" line="6">
<kw name="Create User And Input Login Command" type="SETUP">
<kw name="Create User" library="resource">
<arg>kalle</arg>
<arg>kalle123</arg>
<kw name="Input" library="AppLibrary">
<arg>${username}</arg>
<status status="PASS" starttime="20231120 23:12:28.260" endtime="20231120 23:12:28.261"/>
</kw>
<kw name="Input" library="AppLibrary">
<arg>${password}</arg>
<status status="PASS" starttime="20231120 23:12:28.261" endtime="20231120 23:12:28.261"/>
</kw>
<kw name="Run Application" library="AppLibrary">
<status status="PASS" starttime="20231120 23:12:28.261" endtime="20231120 23:12:28.261"/>
</kw>
<status status="PASS" starttime="20231120 23:12:28.260" endtime="20231120 23:12:28.261"/>
</kw>
<kw name="Input Login Command" library="resource">
<kw name="Input" library="AppLibrary">
<arg>login</arg>
<status status="PASS" starttime="20231120 23:12:28.261" endtime="20231120 23:12:28.261"/>
</kw>
<status status="PASS" starttime="20231120 23:12:28.261" endtime="20231120 23:12:28.261"/>
</kw>
<status status="PASS" starttime="20231120 23:12:28.260" endtime="20231120 23:12:28.261"/>
</kw>
<kw name="Input Credentials" library="resource">
<arg>kalle</arg>
<arg>kalle123</arg>
<kw name="Input" library="AppLibrary">
<arg>${username}</arg>
<status status="PASS" starttime="20231120 23:12:28.262" endtime="20231120 23:12:28.262"/>
</kw>
<kw name="Input" library="AppLibrary">
<arg>${password}</arg>
<status status="PASS" starttime="20231120 23:12:28.262" endtime="20231120 23:12:28.262"/>
</kw>
<kw name="Run Application" library="AppLibrary">
<status status="PASS" starttime="20231120 23:12:28.262" endtime="20231120 23:12:28.262"/>
</kw>
<status status="PASS" starttime="20231120 23:12:28.261" endtime="20231120 23:12:28.262"/>
</kw>
<kw name="Output Should Contain" library="AppLibrary">
<arg>Logged in</arg>
<msg timestamp="20231120 23:12:28.262" level="FAIL">Output "Logged in" is not in ['Invalid username or password']</msg>
<status status="FAIL" starttime="20231120 23:12:28.262" endtime="20231120 23:12:28.263"/>
</kw>
<status status="FAIL" starttime="20231120 23:12:28.260" endtime="20231120 23:12:28.263">Output "Logged in" is not in ['Invalid username or password']</status>
</test>
<test id="s1-s1-t2" name="Login With Incorrect Password" line="10">
<kw name="Create User And Input Login Command" type="SETUP">
<kw name="Create User" library="resource">
<arg>kalle</arg>
<arg>kalle123</arg>
<kw name="Input" library="AppLibrary">
<arg>${username}</arg>
<status status="PASS" starttime="20231120 23:12:28.264" endtime="20231120 23:12:28.264"/>
</kw>
<kw name="Input" library="AppLibrary">
<arg>${password}</arg>
<status status="PASS" starttime="20231120 23:12:28.264" endtime="20231120 23:12:28.265"/>
</kw>
<kw name="Run Application" library="AppLibrary">
<status status="PASS" starttime="20231120 23:12:28.265" endtime="20231120 23:12:28.265"/>
</kw>
<status status="PASS" starttime="20231120 23:12:28.264" endtime="20231120 23:12:28.265"/>
</kw>
<kw name="Input Login Command" library="resource">
<kw name="Input" library="AppLibrary">
<arg>login</arg>
<status status="PASS" starttime="20231120 23:12:28.265" endtime="20231120 23:12:28.265"/>
</kw>
<status status="PASS" starttime="20231120 23:12:28.265" endtime="20231120 23:12:28.265"/>
</kw>
<status status="PASS" starttime="20231120 23:12:28.264" endtime="20231120 23:12:28.265"/>
</kw>
<kw name="Input Credentials" library="resource">
<arg>kalle</arg>
<arg>ville345</arg>
<kw name="Input" library="AppLibrary">
<arg>${username}</arg>
<status status="PASS" starttime="20231120 23:12:28.265" endtime="20231120 23:12:28.265"/>
</kw>
<kw name="Input" library="AppLibrary">
<arg>${password}</arg>
<status status="PASS" starttime="20231120 23:12:28.265" endtime="20231120 23:12:28.265"/>
</kw>
<kw name="Run Application" library="AppLibrary">
<status status="PASS" starttime="20231120 23:12:28.265" endtime="20231120 23:12:28.266"/>
</kw>
<status status="PASS" starttime="20231120 23:12:28.265" endtime="20231120 23:12:28.266"/>
</kw>
<kw name="Output Should Contain" library="AppLibrary">
<arg>Invalid username or password</arg>
<status status="PASS" starttime="20231120 23:12:28.266" endtime="20231120 23:12:28.266"/>
</kw>
<status status="PASS" starttime="20231120 23:12:28.264" endtime="20231120 23:12:28.266"/>
</test>
<test id="s1-s1-t3" name="Login With Nonexistent Username" line="14">
<kw name="Create User And Input Login Command" type="SETUP">
<kw name="Create User" library="resource">
<arg>kalle</arg>
<arg>kalle123</arg>
<kw name="Input" library="AppLibrary">
<arg>${username}</arg>
<status status="PASS" starttime="20231120 23:12:28.267" endtime="20231120 23:12:28.267"/>
</kw>
<kw name="Input" library="AppLibrary">
<arg>${password}</arg>
<status status="PASS" starttime="20231120 23:12:28.267" endtime="20231120 23:12:28.267"/>
</kw>
<kw name="Run Application" library="AppLibrary">
<status status="PASS" starttime="20231120 23:12:28.268" endtime="20231120 23:12:28.268"/>
</kw>
<status status="PASS" starttime="20231120 23:12:28.267" endtime="20231120 23:12:28.268"/>
</kw>
<kw name="Input Login Command" library="resource">
<kw name="Input" library="AppLibrary">
<arg>login</arg>
<status status="PASS" starttime="20231120 23:12:28.268" endtime="20231120 23:12:28.268"/>
</kw>
<status status="PASS" starttime="20231120 23:12:28.268" endtime="20231120 23:12:28.268"/>
</kw>
<status status="PASS" starttime="20231120 23:12:28.267" endtime="20231120 23:12:28.268"/>
</kw>
<kw name="Input Credentials" library="resource">
<arg>ville</arg>
<arg>kalle123</arg>
<kw name="Input" library="AppLibrary">
<arg>${username}</arg>
<status status="PASS" starttime="20231120 23:12:28.268" endtime="20231120 23:12:28.268"/>
</kw>
<kw name="Input" library="AppLibrary">
<arg>${password}</arg>
<status status="PASS" starttime="20231120 23:12:28.268" endtime="20231120 23:12:28.268"/>
</kw>
<kw name="Run Application" library="AppLibrary">
<status status="PASS" starttime="20231120 23:12:28.269" endtime="20231120 23:12:28.269"/>
</kw>
<status status="PASS" starttime="20231120 23:12:28.268" endtime="20231120 23:12:28.269"/>
</kw>
<kw name="Output Should Contain" library="AppLibrary">
<arg>Invalid username or password</arg>
<status status="PASS" starttime="20231120 23:12:28.269" endtime="20231120 23:12:28.269"/>
</kw>
<status status="PASS" starttime="20231120 23:12:28.267" endtime="20231120 23:12:28.269"/>
</test>
<status status="FAIL" starttime="20231120 23:12:28.250" endtime="20231120 23:12:28.270"/>
</suite>
<suite id="s1-s2" name="Register" source="E:\koulu\ohtu\palautusrepositorio\viikko3\login-robot\src\tests\register.robot">
<test id="s1-s2-t1" name="Register With Valid Username And Password" line="6">
<kw name="Input New Command" library="resource" type="SETUP">
<kw name="Input" library="AppLibrary">
<arg>new</arg>
<status status="PASS" starttime="20231120 23:12:28.275" endtime="20231120 23:12:28.275"/>
</kw>
<status status="PASS" starttime="20231120 23:12:28.274" endtime="20231120 23:12:28.275"/>
</kw>
<kw name="Create User" library="resource">
<arg>kalle</arg>
<arg>kalle123</arg>
<kw name="Input" library="AppLibrary">
<arg>${username}</arg>
<status status="PASS" starttime="20231120 23:12:28.275" endtime="20231120 23:12:28.275"/>
</kw>
<kw name="Input" library="AppLibrary">
<arg>${password}</arg>
<status status="PASS" starttime="20231120 23:12:28.275" endtime="20231120 23:12:28.275"/>
</kw>
<kw name="Run Application" library="AppLibrary">
<status status="PASS" starttime="20231120 23:12:28.275" endtime="20231120 23:12:28.275"/>
</kw>
<status status="PASS" starttime="20231120 23:12:28.275" endtime="20231120 23:12:28.275"/>
</kw>
<kw name="Output Should Contain" library="AppLibrary">
<arg>New user registered</arg>
<status status="PASS" starttime="20231120 23:12:28.275" endtime="20231120 23:12:28.276"/>
</kw>
<status status="PASS" starttime="20231120 23:12:28.274" endtime="20231120 23:12:28.276"/>
</test>
<test id="s1-s2-t2" name="Register With Already Taken Username And Valid Password" line="10">
<kw name="Input New Command" library="resource" type="SETUP">
<kw name="Input" library="AppLibrary">
<arg>new</arg>
<status status="PASS" starttime="20231120 23:12:28.277" endtime="20231120 23:12:28.277"/>
</kw>
<status status="PASS" starttime="20231120 23:12:28.277" endtime="20231120 23:12:28.277"/>
</kw>
<kw name="Create User" library="resource">
<arg>kalle</arg>
<arg>kalle123</arg>
<kw name="Input" library="AppLibrary">
<arg>${username}</arg>
<status status="PASS" starttime="20231120 23:12:28.277" endtime="20231120 23:12:28.277"/>
</kw>
<kw name="Input" library="AppLibrary">
<arg>${password}</arg>
<status status="PASS" starttime="20231120 23:12:28.277" endtime="20231120 23:12:28.277"/>
</kw>
<kw name="Run Application" library="AppLibrary">
<status status="PASS" starttime="20231120 23:12:28.277" endtime="20231120 23:12:28.277"/>
</kw>
<status status="PASS" starttime="20231120 23:12:28.277" endtime="20231120 23:12:28.277"/>
</kw>
<kw name="Input New Command" library="resource">
<kw name="Input" library="AppLibrary">
<arg>new</arg>
<status status="PASS" starttime="20231120 23:12:28.278" endtime="20231120 23:12:28.278"/>
</kw>
<status status="PASS" starttime="20231120 23:12:28.278" endtime="20231120 23:12:28.278"/>
</kw>
<kw name="Create User" library="resource">
<arg>kalle</arg>
<arg>kalle123</arg>
<kw name="Input" library="AppLibrary">
<arg>${username}</arg>
<status status="PASS" starttime="20231120 23:12:28.278" endtime="20231120 23:12:28.278"/>
</kw>
<kw name="Input" library="AppLibrary">
<arg>${password}</arg>
<status status="PASS" starttime="20231120 23:12:28.278" endtime="20231120 23:12:28.278"/>
</kw>
<kw name="Run Application" library="AppLibrary">
<status status="PASS" starttime="20231120 23:12:28.278" endtime="20231120 23:12:28.278"/>
</kw>
<status status="PASS" starttime="20231120 23:12:28.278" endtime="20231120 23:12:28.278"/>
</kw>
<kw name="Output Should Contain" library="AppLibrary">
<arg>User with username kalle already exists</arg>
<status status="PASS" starttime="20231120 23:12:28.278" endtime="20231120 23:12:28.278"/>
</kw>
<status status="PASS" starttime="20231120 23:12:28.276" endtime="20231120 23:12:28.279"/>
</test>
<test id="s1-s2-t3" name="Register With Too Short Username And Valid Password" line="16">
<kw name="Input New Command" library="resource" type="SETUP">
<kw name="Input" library="AppLibrary">
<arg>new</arg>
<status status="PASS" starttime="20231120 23:12:28.280" endtime="20231120 23:12:28.280"/>
</kw>
<status status="PASS" starttime="20231120 23:12:28.279" endtime="20231120 23:12:28.280"/>
</kw>
<kw name="Create User" library="resource">
<arg>ka</arg>
<arg>kalle123</arg>
<kw name="Input" library="AppLibrary">
<arg>${username}</arg>
<status status="PASS" starttime="20231120 23:12:28.280" endtime="20231120 23:12:28.280"/>
</kw>
<kw name="Input" library="AppLibrary">
<arg>${password}</arg>
<status status="PASS" starttime="20231120 23:12:28.280" endtime="20231120 23:12:28.280"/>
</kw>
<kw name="Run Application" library="AppLibrary">
<status status="PASS" starttime="20231120 23:12:28.280" endtime="20231120 23:12:28.280"/>
</kw>
<status status="PASS" starttime="20231120 23:12:28.280" endtime="20231120 23:12:28.280"/>
</kw>
<kw name="Output Should Contain" library="AppLibrary">
<arg>Username must be at least 3 characters</arg>
<status status="PASS" starttime="20231120 23:12:28.281" endtime="20231120 23:12:28.281"/>
</kw>
<status status="PASS" starttime="20231120 23:12:28.279" endtime="20231120 23:12:28.281"/>
</test>
<test id="s1-s2-t4" name="Register With Enough Long But Invalid Username And Valid Password" line="20">
<kw name="Input New Command" library="resource" type="SETUP">
<kw name="Input" library="AppLibrary">
<arg>new</arg>
<status status="PASS" starttime="20231120 23:12:28.282" endtime="20231120 23:12:28.282"/>
</kw>
<status status="PASS" starttime="20231120 23:12:28.282" endtime="20231120 23:12:28.282"/>
</kw>
<kw name="Create User" library="resource">
<arg>ka113</arg>
<arg>kalle123</arg>
<kw name="Input" library="AppLibrary">
<arg>${username}</arg>
<status status="PASS" starttime="20231120 23:12:28.282" endtime="20231120 23:12:28.282"/>
</kw>
<kw name="Input" library="AppLibrary">
<arg>${password}</arg>
<status status="PASS" starttime="20231120 23:12:28.282" endtime="20231120 23:12:28.282"/>
</kw>
<kw name="Run Application" library="AppLibrary">
<status status="PASS" starttime="20231120 23:12:28.282" endtime="20231120 23:12:28.282"/>
</kw>
<status status="PASS" starttime="20231120 23:12:28.282" endtime="20231120 23:12:28.282"/>
</kw>
<kw name="Output Should Contain" library="AppLibrary">
<arg>Username must only contain letters</arg>
<status status="PASS" starttime="20231120 23:12:28.283" endtime="20231120 23:12:28.283"/>
</kw>
<status status="PASS" starttime="20231120 23:12:28.281" endtime="20231120 23:12:28.283"/>
</test>
<test id="s1-s2-t5" name="Register With Valid Username And Too Short Password" line="24">
<kw name="Input New Command" library="resource" type="SETUP">
<kw name="Input" library="AppLibrary">
<arg>new</arg>
<status status="PASS" starttime="20231120 23:12:28.284" endtime="20231120 23:12:28.284"/>
</kw>
<status status="PASS" starttime="20231120 23:12:28.284" endtime="20231120 23:12:28.284"/>
</kw>
<kw name="Create User" library="resource">
<arg>kalle</arg>
<arg>lyhy7</arg>
<kw name="Input" library="AppLibrary">
<arg>${username}</arg>
<status status="PASS" starttime="20231120 23:12:28.284" endtime="20231120 23:12:28.284"/>
</kw>
<kw name="Input" library="AppLibrary">
<arg>${password}</arg>
<status status="PASS" starttime="20231120 23:12:28.284" endtime="20231120 23:12:28.284"/>
</kw>
<kw name="Run Application" library="AppLibrary">
<status status="PASS" starttime="20231120 23:12:28.284" endtime="20231120 23:12:28.284"/>
</kw>
<status status="PASS" starttime="20231120 23:12:28.284" endtime="20231120 23:12:28.284"/>
</kw>
<kw name="Output Should Contain" library="AppLibrary">
<arg>Password must be at least 8 characters</arg>
<status status="PASS" starttime="20231120 23:12:28.285" endtime="20231120 23:12:28.285"/>
</kw>
<status status="PASS" starttime="20231120 23:12:28.283" endtime="20231120 23:12:28.285"/>
</test>
<test id="s1-s2-t6" name="Register With Valid Username And Long Enough Password Containing Only Letters" line="28">
<kw name="Input New Command" library="resource" type="SETUP">
<kw name="Input" library="AppLibrary">
<arg>new</arg>
<status status="PASS" starttime="20231120 23:12:28.286" endtime="20231120 23:12:28.286"/>
</kw>
<status status="PASS" starttime="20231120 23:12:28.286" endtime="20231120 23:12:28.286"/>
</kw>
<kw name="Create User" library="resource">
<arg>kalle</arg>
<arg>kahdeksan</arg>
<kw name="Input" library="AppLibrary">
<arg>${username}</arg>
<status status="PASS" starttime="20231120 23:12:28.286" endtime="20231120 23:12:28.287"/>
</kw>
<kw name="Input" library="AppLibrary">
<arg>${password}</arg>
<status status="PASS" starttime="20231120 23:12:28.287" endtime="20231120 23:12:28.287"/>
</kw>
<kw name="Run Application" library="AppLibrary">
<status status="PASS" starttime="20231120 23:12:28.287" endtime="20231120 23:12:28.287"/>
</kw>
<status status="PASS" starttime="20231120 23:12:28.286" endtime="20231120 23:12:28.287"/>
</kw>
<kw name="Output Should Contain" library="AppLibrary">
<arg>Password must contain other characters than letters</arg>
<status status="PASS" starttime="20231120 23:12:28.288" endtime="20231120 23:12:28.288"/>
</kw>
<status status="PASS" starttime="20231120 23:12:28.286" endtime="20231120 23:12:28.288"/>
</test>
<status status="PASS" starttime="20231120 23:12:28.271" endtime="20231120 23:12:28.289"/>
</suite>
<status status="FAIL" starttime="20231120 23:12:28.232" endtime="20231120 23:12:28.290"/>
</suite>
<statistics>
<total>
<stat pass="8" fail="1" skip="0">All Tests</stat>
</total>
<tag>
</tag>
<suite>
<stat pass="8" fail="1" skip="0" id="s1" name="Tests">Tests</stat>
<stat pass="2" fail="1" skip="0" id="s1-s1" name="Login">Tests.Login</stat>
<stat pass="6" fail="0" skip="0" id="s1-s2" name="Register">Tests.Register</stat>
</suite>
</statistics>
<errors>
</errors>
</robot>
